<?xml version="1.0" encoding="UTF-8"?>
<coverage generated="1784307333016" clover="3.2.0">
  <project timestamp="1784307333016" name="All files">
    <metrics statements="63" coveredstatements="62" conditionals="51" coveredconditionals="40" methods="36" coveredmethods="36" elements="150" coveredelements="138" complexity="0" loc="63" ncloc="63" packages="4" files="10" classes="10"/>
    <package name="components">
      <metrics statements="36" coveredstatements="36" conditionals="32" coveredconditionals="24" methods="19" coveredmethods="19"/>
      <file name="AddInternForm.tsx" path="C:\Users\monic\Downloads\Training Assignment\react\session4\src\components\AddInternForm.tsx">
        <metrics statements="6" coveredstatements="6" conditionals="4" coveredconditionals="4" methods="2" coveredmethods="2"/>
        <line num="5" count="51" type="stmt"/>
        <line num="6" count="51" type="stmt"/>
        <line num="9" count="6" type="cond" truecount="2" falsecount="0"/>
        <line num="10" count="2" type="stmt"/>
        <line num="11" count="2" type="stmt"/>
        <line num="14" count="51" type="stmt"/>
      </file>
      <file name="InternListWithCallback.tsx" path="C:\Users\monic\Downloads\Training Assignment\react\session4\src\components\InternListWithCallback.tsx">
        <metrics statements="9" coveredstatements="9" conditionals="4" coveredconditionals="2" methods="5" coveredmethods="5"/>
        <line num="13" count="9" type="stmt"/>
        <line num="14" count="9" type="stmt"/>
        <line num="16" count="9" type="stmt"/>
        <line num="23" count="1" type="stmt"/>
        <line num="29" count="3" type="stmt"/>
        <line num="31" count="3" type="stmt"/>
        <line num="32" count="1" type="stmt"/>
        <line num="35" count="3" type="stmt"/>
        <line num="38" count="9" type="stmt"/>
      </file>
      <file name="InternRow.tsx" path="C:\Users\monic\Downloads\Training Assignment\react\session4\src\components\InternRow.tsx">
        <metrics statements="2" coveredstatements="2" conditionals="0" coveredconditionals="0" methods="2" coveredmethods="2"/>
        <line num="14" count="3" type="stmt"/>
        <line num="18" count="1" type="stmt"/>
      </file>
      <file name="Navbar.tsx" path="C:\Users\monic\Downloads\Training Assignment\react\session4\src\components\Navbar.tsx">
        <metrics statements="2" coveredstatements="2" conditionals="6" coveredconditionals="6" methods="1" coveredmethods="1"/>
        <line num="4" count="5" type="stmt"/>
        <line num="6" count="5" type="stmt"/>
      </file>
      <file name="ScoreStats.tsx" path="C:\Users\monic\Downloads\Training Assignment\react\session4\src\components\ScoreStats.tsx">
        <metrics statements="15" coveredstatements="15" conditionals="8" coveredconditionals="5" methods="8" coveredmethods="8"/>
        <line num="37" count="5" type="stmt"/>
        <line num="39" count="5" type="stmt"/>
        <line num="41" count="5" type="stmt"/>
        <line num="42" count="3" type="stmt"/>
        <line num="43" count="2" type="stmt"/>
        <line num="46" count="3" type="stmt"/>
        <line num="49" count="5" type="stmt"/>
        <line num="50" count="5" type="stmt"/>
        <line num="52" count="5" type="stmt"/>
        <line num="54" count="5" type="stmt"/>
        <line num="59" count="5" type="stmt"/>
        <line num="61" count="5" type="stmt"/>
        <line num="65" count="5" type="cond" truecount="2" falsecount="0"/>
        <line num="66" count="3" type="stmt"/>
        <line num="69" count="2" type="stmt"/>
      </file>
      <file name="ThemedCard.tsx" path="C:\Users\monic\Downloads\Training Assignment\react\session4\src\components\ThemedCard.tsx">
        <metrics statements="2" coveredstatements="2" conditionals="10" coveredconditionals="7" methods="1" coveredmethods="1"/>
        <line num="9" count="14" type="stmt"/>
        <line num="11" count="14" type="stmt"/>
      </file>
    </package>
    <package name="contexts">
      <metrics statements="8" coveredstatements="7" conditionals="4" coveredconditionals="2" methods="4" coveredmethods="4"/>
      <file name="theme-context.tsx" path="C:\Users\monic\Downloads\Training Assignment\react\session4\src\contexts\theme-context.tsx">
        <metrics statements="8" coveredstatements="7" conditionals="4" coveredconditionals="2" methods="4" coveredmethods="4"/>
        <line num="11" count="8" type="stmt"/>
        <line num="14" count="37" type="stmt"/>
        <line num="17" count="1" type="cond" truecount="1" falsecount="1"/>
        <line num="20" count="37" type="stmt"/>
        <line num="28" count="19" type="stmt"/>
        <line num="31" count="19" type="cond" truecount="1" falsecount="1"/>
        <line num="32" count="0" type="stmt"/>
        <line num="35" count="19" type="stmt"/>
      </file>
    </package>
    <package name="hooks">
      <metrics statements="17" coveredstatements="17" conditionals="15" coveredconditionals="14" methods="11" coveredmethods="11"/>
      <file name="useCounter.ts" path="C:\Users\monic\Downloads\Training Assignment\react\session4\src\hooks\useCounter.ts">
        <metrics statements="5" coveredstatements="5" conditionals="5" coveredconditionals="5" methods="6" coveredmethods="6"/>
        <line num="23" count="8" type="stmt"/>
        <line num="26" count="3" type="stmt"/>
        <line num="30" count="1" type="stmt"/>
        <line num="34" count="1" type="stmt"/>
        <line num="37" count="8" type="stmt"/>
      </file>
      <file name="useInternForm.ts" path="C:\Users\monic\Downloads\Training Assignment\react\session4\src\hooks\useInternForm.ts">
        <metrics statements="12" coveredstatements="12" conditionals="10" coveredconditionals="9" methods="5" coveredmethods="5"/>
        <line num="18" count="3" type="stmt"/>
        <line num="23" count="62" type="stmt"/>
        <line num="24" count="62" type="stmt"/>
        <line num="29" count="38" type="stmt"/>
        <line num="30" count="38" type="stmt"/>
        <line num="39" count="4" type="stmt"/>
        <line num="40" count="4" type="stmt"/>
        <line num="44" count="9" type="cond" truecount="2" falsecount="0"/>
        <line num="45" count="5" type="cond" truecount="4" falsecount="0"/>
        <line num="46" count="4" type="stmt"/>
        <line num="47" count="4" type="stmt"/>
        <line num="50" count="62" type="stmt"/>
      </file>
    </package>
    <package name="test">
      <metrics statements="2" coveredstatements="2" conditionals="0" coveredconditionals="0" methods="2" coveredmethods="2"/>
      <file name="test-utils.tsx" path="C:\Users\monic\Downloads\Training Assignment\react\session4\src\test\test-utils.tsx">
        <metrics statements="2" coveredstatements="2" conditionals="0" coveredconditionals="0" methods="2" coveredmethods="2"/>
        <line num="6" count="35" type="stmt"/>
        <line num="14" count="35" type="stmt"/>
      </file>
    </package>
  </project>
</coverage>
