<?xml version="1.0" encoding="UTF-8"?>
<coverage generated="1785924663264" clover="3.2.0">
  <project timestamp="1785924663265" name="All files">
    <metrics statements="130" coveredstatements="124" conditionals="96" coveredconditionals="80" methods="65" coveredmethods="64" elements="291" coveredelements="268" complexity="0" loc="130" ncloc="130" packages="8" files="21" classes="21"/>
    <package name="src">
      <metrics statements="7" coveredstatements="5" conditionals="10" coveredconditionals="8" methods="0" coveredmethods="0"/>
      <file name="config.ts" path="C:\Users\monic\Downloads\Training Assignment\react\session4\src\config.ts">
        <metrics statements="7" coveredstatements="5" conditionals="10" coveredconditionals="8" methods="0" coveredmethods="0"/>
        <line num="2" count="1" type="cond" truecount="2" falsecount="0"/>
        <line num="3" count="1" type="cond" truecount="2" falsecount="0"/>
        <line num="6" count="1" type="cond" truecount="3" falsecount="1"/>
        <line num="7" count="0" type="stmt"/>
        <line num="13" count="1" type="cond" truecount="1" falsecount="1"/>
        <line num="14" count="0" type="stmt"/>
        <line num="17" count="1" type="stmt"/>
      </file>
    </package>
    <package name="src.components">
      <metrics statements="44" coveredstatements="44" conditionals="34" coveredconditionals="25" methods="23" coveredmethods="23"/>
      <file name="AddInternForm.tsx" path="C:\Users\monic\Downloads\Training Assignment\react\session4\src\components\AddInternForm.tsx">
        <metrics statements="6" coveredstatements="6" conditionals="4" coveredconditionals="4" methods="2" coveredmethods="2"/>
        <line num="5" count="51" type="stmt"/>
        <line num="6" count="51" type="stmt"/>
        <line num="9" count="6" type="cond" truecount="2" falsecount="0"/>
        <line num="10" count="2" type="stmt"/>
        <line num="11" count="2" type="stmt"/>
        <line num="14" count="51" type="stmt"/>
      </file>
      <file name="InternListWithCallback.tsx" path="C:\Users\monic\Downloads\Training Assignment\react\session4\src\components\InternListWithCallback.tsx">
        <metrics statements="9" coveredstatements="9" conditionals="4" coveredconditionals="2" methods="5" coveredmethods="5"/>
        <line num="13" count="9" type="stmt"/>
        <line num="14" count="9" type="stmt"/>
        <line num="16" count="9" type="stmt"/>
        <line num="23" count="1" type="stmt"/>
        <line num="29" count="3" type="stmt"/>
        <line num="31" count="3" type="stmt"/>
        <line num="32" count="1" type="stmt"/>
        <line num="35" count="3" type="stmt"/>
        <line num="38" count="9" type="stmt"/>
      </file>
      <file name="InternRow.tsx" path="C:\Users\monic\Downloads\Training Assignment\react\session4\src\components\InternRow.tsx">
        <metrics statements="2" coveredstatements="2" conditionals="0" coveredconditionals="0" methods="2" coveredmethods="2"/>
        <line num="14" count="3" type="stmt"/>
        <line num="18" count="1" type="stmt"/>
      </file>
      <file name="Navbar.tsx" path="C:\Users\monic\Downloads\Training Assignment\react\session4\src\components\Navbar.tsx">
        <metrics statements="2" coveredstatements="2" conditionals="6" coveredconditionals="6" methods="1" coveredmethods="1"/>
        <line num="4" count="5" type="stmt"/>
        <line num="6" count="5" type="stmt"/>
      </file>
      <file name="ScoreStats.tsx" path="C:\Users\monic\Downloads\Training Assignment\react\session4\src\components\ScoreStats.tsx">
        <metrics statements="16" coveredstatements="16" conditionals="8" coveredconditionals="5" methods="9" coveredmethods="9"/>
        <line num="6" count="5" type="stmt"/>
        <line num="8" count="5" type="stmt"/>
        <line num="13" count="5" type="stmt"/>
        <line num="15" count="5" type="stmt"/>
        <line num="21" count="5" type="stmt"/>
        <line num="22" count="5" type="stmt"/>
        <line num="24" count="5" type="stmt"/>
        <line num="25" count="3" type="stmt"/>
        <line num="26" count="2" type="stmt"/>
        <line num="29" count="3" type="stmt"/>
        <line num="32" count="5" type="stmt"/>
        <line num="33" count="5" type="stmt"/>
        <line num="35" count="5" type="stmt"/>
        <line num="38" count="5" type="cond" truecount="2" falsecount="0"/>
        <line num="39" count="3" type="stmt"/>
        <line num="42" count="2" type="stmt"/>
      </file>
      <file name="SummaryBar.tsx" path="C:\Users\monic\Downloads\Training Assignment\react\session4\src\components\SummaryBar.tsx">
        <metrics statements="7" coveredstatements="7" conditionals="2" coveredconditionals="1" methods="3" coveredmethods="3"/>
        <line num="4" count="3" type="stmt"/>
        <line num="6" count="3" type="stmt"/>
        <line num="8" count="3" type="stmt"/>
        <line num="9" count="9" type="stmt"/>
        <line num="13" count="3" type="cond" truecount="1" falsecount="1"/>
        <line num="17" count="9" type="stmt"/>
        <line num="22" count="3" type="stmt"/>
      </file>
      <file name="ThemedCard.tsx" path="C:\Users\monic\Downloads\Training Assignment\react\session4\src\components\ThemedCard.tsx">
        <metrics statements="2" coveredstatements="2" conditionals="10" coveredconditionals="7" methods="1" coveredmethods="1"/>
        <line num="9" count="14" type="stmt"/>
        <line num="11" count="14" type="stmt"/>
      </file>
    </package>
    <package name="src.contexts">
      <metrics statements="8" coveredstatements="7" conditionals="4" coveredconditionals="2" methods="4" coveredmethods="4"/>
      <file name="theme-context.tsx" path="C:\Users\monic\Downloads\Training Assignment\react\session4\src\contexts\theme-context.tsx">
        <metrics statements="8" coveredstatements="7" conditionals="4" coveredconditionals="2" methods="4" coveredmethods="4"/>
        <line num="11" count="8" type="stmt"/>
        <line num="14" count="37" type="stmt"/>
        <line num="17" count="1" type="cond" truecount="1" falsecount="1"/>
        <line num="20" count="37" type="stmt"/>
        <line num="28" count="19" type="stmt"/>
        <line num="31" count="19" type="cond" truecount="1" falsecount="1"/>
        <line num="32" count="0" type="stmt"/>
        <line num="35" count="19" type="stmt"/>
      </file>
    </package>
    <package name="src.hooks">
      <metrics statements="22" coveredstatements="21" conditionals="17" coveredconditionals="15" methods="11" coveredmethods="11"/>
      <file name="useCounter.ts" path="C:\Users\monic\Downloads\Training Assignment\react\session4\src\hooks\useCounter.ts">
        <metrics statements="5" coveredstatements="5" conditionals="5" coveredconditionals="5" methods="6" coveredmethods="6"/>
        <line num="23" count="8" type="stmt"/>
        <line num="26" count="3" type="stmt"/>
        <line num="30" count="1" type="stmt"/>
        <line num="34" count="1" type="stmt"/>
        <line num="37" count="8" type="stmt"/>
      </file>
      <file name="useInternForm.ts" path="C:\Users\monic\Downloads\Training Assignment\react\session4\src\hooks\useInternForm.ts">
        <metrics statements="17" coveredstatements="16" conditionals="12" coveredconditionals="10" methods="5" coveredmethods="5"/>
        <line num="19" count="3" type="stmt"/>
        <line num="24" count="54" type="stmt"/>
        <line num="25" count="54" type="stmt"/>
        <line num="30" count="35" type="stmt"/>
        <line num="33" count="35" type="cond" truecount="3" falsecount="1"/>
        <line num="34" count="0" type="stmt"/>
        <line num="37" count="35" type="stmt"/>
        <line num="46" count="35" type="cond" truecount="2" falsecount="0"/>
        <line num="50" count="3" type="stmt"/>
        <line num="51" count="3" type="stmt"/>
        <line num="56" count="7" type="stmt"/>
        <line num="59" count="7" type="cond" truecount="2" falsecount="0"/>
        <line num="60" count="5" type="stmt"/>
        <line num="61" count="5" type="stmt"/>
        <line num="65" count="2" type="stmt"/>
        <line num="66" count="2" type="stmt"/>
        <line num="69" count="54" type="stmt"/>
      </file>
    </package>
    <package name="src.repositories">
      <metrics statements="8" coveredstatements="8" conditionals="2" coveredconditionals="2" methods="9" coveredmethods="9"/>
      <file name="intern-repository.ts" path="C:\Users\monic\Downloads\Training Assignment\react\session4\src\repositories\intern-repository.ts">
        <metrics statements="8" coveredstatements="8" conditionals="2" coveredconditionals="2" methods="9" coveredmethods="9"/>
        <line num="5" count="17" type="stmt"/>
        <line num="7" count="17" type="stmt"/>
        <line num="8" count="9" type="stmt"/>
        <line num="10" count="17" type="stmt"/>
        <line num="11" count="3" type="stmt"/>
        <line num="13" count="17" type="stmt"/>
        <line num="14" count="3" type="cond" truecount="2" falsecount="0"/>
        <line num="16" count="17" type="stmt"/>
      </file>
    </package>
    <package name="src.services">
      <metrics statements="10" coveredstatements="10" conditionals="9" coveredconditionals="9" methods="7" coveredmethods="7"/>
      <file name="intern-service.ts" path="C:\Users\monic\Downloads\Training Assignment\react\session4\src\services\intern-service.ts">
        <metrics statements="10" coveredstatements="10" conditionals="9" coveredconditionals="9" methods="7" coveredmethods="7"/>
        <line num="25" count="1" type="stmt"/>
        <line num="37" count="3" type="stmt"/>
        <line num="42" count="2" type="cond" truecount="2" falsecount="0"/>
        <line num="43" count="3" type="stmt"/>
        <line num="44" count="1" type="stmt"/>
        <line num="49" count="3" type="cond" truecount="2" falsecount="0"/>
        <line num="57" count="4" type="stmt"/>
        <line num="58" count="4" type="cond" truecount="2" falsecount="0"/>
        <line num="60" count="3" type="stmt"/>
        <line num="62" count="6" type="cond" truecount="2" falsecount="0"/>
      </file>
    </package>
    <package name="src.test">
      <metrics statements="2" coveredstatements="2" conditionals="0" coveredconditionals="0" methods="2" coveredmethods="2"/>
      <file name="test-utils.tsx" path="C:\Users\monic\Downloads\Training Assignment\react\session4\src\test\test-utils.tsx">
        <metrics statements="2" coveredstatements="2" conditionals="0" coveredconditionals="0" methods="2" coveredmethods="2"/>
        <line num="6" count="35" type="stmt"/>
        <line num="14" count="35" type="stmt"/>
      </file>
    </package>
    <package name="src.utils">
      <metrics statements="29" coveredstatements="27" conditionals="20" coveredconditionals="19" methods="9" coveredmethods="8"/>
      <file name="assert.ts" path="C:\Users\monic\Downloads\Training Assignment\react\session4\src\utils\assert.ts">
        <metrics statements="1" coveredstatements="1" conditionals="2" coveredconditionals="2" methods="1" coveredmethods="1"/>
        <line num="2" count="81" type="cond" truecount="2" falsecount="0"/>
      </file>
      <file name="generate-id.ts" path="C:\Users\monic\Downloads\Training Assignment\react\session4\src\utils\generate-id.ts">
        <metrics statements="1" coveredstatements="1" conditionals="2" coveredconditionals="2" methods="1" coveredmethods="1"/>
        <line num="5" count="3" type="stmt"/>
      </file>
      <file name="intern-report.ts" path="C:\Users\monic\Downloads\Training Assignment\react\session4\src\utils\intern-report.ts">
        <metrics statements="7" coveredstatements="7" conditionals="2" coveredconditionals="2" methods="1" coveredmethods="1"/>
        <line num="2" count="1" type="stmt"/>
        <line num="3" count="1" type="stmt"/>
        <line num="4" count="2" type="stmt"/>
        <line num="5" count="2" type="cond" truecount="2" falsecount="0"/>
        <line num="6" count="1" type="stmt"/>
        <line num="8" count="1" type="stmt"/>
        <line num="11" count="1" type="stmt"/>
      </file>
      <file name="intern-request.ts" path="C:\Users\monic\Downloads\Training Assignment\react\session4\src\utils\intern-request.ts">
        <metrics statements="3" coveredstatements="1" conditionals="1" coveredconditionals="0" methods="2" coveredmethods="1"/>
        <line num="9" count="1" type="stmt"/>
        <line num="19" count="0" type="stmt"/>
        <line num="21" count="0" type="stmt"/>
      </file>
      <file name="intern-utils.ts" path="C:\Users\monic\Downloads\Training Assignment\react\session4\src\utils\intern-utils.ts">
        <metrics statements="5" coveredstatements="5" conditionals="2" coveredconditionals="2" methods="2" coveredmethods="2"/>
        <line num="15" count="8" type="stmt"/>
        <line num="17" count="8" type="stmt"/>
        <line num="19" count="32" type="cond" truecount="2" falsecount="0"/>
        <line num="24" count="8" type="stmt"/>
        <line num="26" count="8" type="stmt"/>
      </file>
      <file name="intern-validation.ts" path="C:\Users\monic\Downloads\Training Assignment\react\session4\src\utils\intern-validation.ts">
        <metrics statements="10" coveredstatements="10" conditionals="9" coveredconditionals="9" methods="1" coveredmethods="1"/>
        <line num="3" count="6" type="stmt"/>
        <line num="4" count="6" type="stmt"/>
        <line num="8" count="25" type="cond" truecount="2" falsecount="0"/>
        <line num="9" count="25" type="stmt"/>
        <line num="10" count="25" type="stmt"/>
        <line num="13" count="25" type="cond" truecount="2" falsecount="0"/>
        <line num="14" count="9" type="stmt"/>
        <line num="17" count="14" type="cond" truecount="5" falsecount="0"/>
        <line num="18" count="7" type="stmt"/>
        <line num="22" count="7" type="stmt"/>
      </file>
      <file name="role-lookup.ts" path="C:\Users\monic\Downloads\Training Assignment\react\session4\src\utils\role-lookup.ts">
        <metrics statements="2" coveredstatements="2" conditionals="2" coveredconditionals="2" methods="1" coveredmethods="1"/>
        <line num="2" count="1" type="stmt"/>
        <line num="11" count="5" type="cond" truecount="2" falsecount="0"/>
      </file>
    </package>
  </project>
</coverage>
