{"C:\\Users\\monic\\Downloads\\Training Assignment\\react\\session4\\src\\config.ts": {"path":"C:\\Users\\monic\\Downloads\\Training Assignment\\react\\session4\\src\\config.ts","statementMap":{"0":{"start":{"line":2,"column":17},"end":{"line":2,"column":null}},"1":{"start":{"line":3,"column":18},"end":{"line":3,"column":null}},"2":{"start":{"line":6,"column":0},"end":{"line":11,"column":null}},"3":{"start":{"line":7,"column":2},"end":{"line":10,"column":null}},"4":{"start":{"line":13,"column":0},"end":{"line":15,"column":null}},"5":{"start":{"line":14,"column":2},"end":{"line":14,"column":null}},"6":{"start":{"line":17,"column":22},"end":{"line":20,"column":null}}},"fnMap":{},"branchMap":{"0":{"loc":{"start":{"line":2,"column":17},"end":{"line":2,"column":null}},"type":"binary-expr","locations":[{"start":{"line":2,"column":17},"end":{"line":2,"column":50}},{"start":{"line":2,"column":50},"end":{"line":2,"column":null}}],"line":2},"1":{"loc":{"start":{"line":3,"column":18},"end":{"line":3,"column":null}},"type":"binary-expr","locations":[{"start":{"line":3,"column":18},"end":{"line":3,"column":52}},{"start":{"line":3,"column":52},"end":{"line":3,"column":null}}],"line":3},"2":{"loc":{"start":{"line":6,"column":0},"end":{"line":11,"column":null}},"type":"if","locations":[{"start":{"line":6,"column":0},"end":{"line":11,"column":null}},{"start":{},"end":{}}],"line":6},"3":{"loc":{"start":{"line":6,"column":4},"end":{"line":6,"column":47}},"type":"binary-expr","locations":[{"start":{"line":6,"column":4},"end":{"line":6,"column":17}},{"start":{"line":6,"column":17},"end":{"line":6,"column":47}}],"line":6},"4":{"loc":{"start":{"line":13,"column":0},"end":{"line":15,"column":null}},"type":"if","locations":[{"start":{"line":13,"column":0},"end":{"line":15,"column":null}},{"start":{},"end":{}}],"line":13}},"s":{"0":1,"1":1,"2":1,"3":0,"4":1,"5":0,"6":1},"f":{},"b":{"0":[1,1],"1":[1,1],"2":[0,1],"3":[1,1],"4":[0,1]},"meta":{"lastBranch":5,"lastFunction":0,"lastStatement":7,"seen":{"s:2:17:2:Infinity":0,"b:2:17:2:50:2:50:2:Infinity":0,"s:3:18:3:Infinity":1,"b:3:18:3:52:3:52:3:Infinity":1,"b:6:0:11:Infinity:undefined:undefined:undefined:undefined":2,"s:6:0:11:Infinity":2,"b:6:4:6:17:6:17:6:47":3,"s:7:2:10:Infinity":3,"b:13:0:15:Infinity:undefined:undefined:undefined:undefined":4,"s:13:0:15:Infinity":4,"s:14:2:14:Infinity":5,"s:17:22:20:Infinity":6},"fnNames":{}}}
,"C:\\Users\\monic\\Downloads\\Training Assignment\\react\\session4\\src\\components\\AddInternForm.tsx": {"path":"C:\\Users\\monic\\Downloads\\Training Assignment\\react\\session4\\src\\components\\AddInternForm.tsx","statementMap":{"0":{"start":{"line":5,"column":62},"end":{"line":5,"column":76}},"1":{"start":{"line":6,"column":33},"end":{"line":6,"column":44}},"2":{"start":{"line":9,"column":4},"end":{"line":9,"column":null}},"3":{"start":{"line":9,"column":20},"end":{"line":9,"column":null}},"4":{"start":{"line":10,"column":4},"end":{"line":10,"column":null}},"5":{"start":{"line":11,"column":4},"end":{"line":11,"column":null}},"6":{"start":{"line":14,"column":2},"end":{"line":31,"column":null}}},"fnMap":{"0":{"name":"AddInternForm","decl":{"start":{"line":4,"column":9},"end":{"line":4,"column":25}},"loc":{"start":{"line":4,"column":25},"end":{"line":33,"column":null}},"line":4},"1":{"name":"handleSubmit","decl":{"start":{"line":8,"column":11},"end":{"line":8,"column":32}},"loc":{"start":{"line":8,"column":32},"end":{"line":12,"column":null}},"line":8}},"branchMap":{"0":{"loc":{"start":{"line":9,"column":4},"end":{"line":9,"column":null}},"type":"if","locations":[{"start":{"line":9,"column":4},"end":{"line":9,"column":null}},{"start":{},"end":{}}],"line":9},"1":{"loc":{"start":{"line":16,"column":7},"end":{"line":16,"column":null}},"type":"binary-expr","locations":[{"start":{"line":16,"column":7},"end":{"line":16,"column":16}},{"start":{"line":16,"column":16},"end":{"line":16,"column":null}}],"line":16}},"s":{"0":51,"1":51,"2":6,"3":4,"4":2,"5":2,"6":51},"f":{"0":51,"1":6},"b":{"0":[4,2],"1":[51,4]},"meta":{"lastBranch":2,"lastFunction":2,"lastStatement":7,"seen":{"f:4:9:4:25":0,"s:5:62:5:76":0,"s:6:33:6:44":1,"f:8:11:8:32":1,"b:9:4:9:Infinity:undefined:undefined:undefined:undefined":0,"s:9:4:9:Infinity":2,"s:9:20:9:Infinity":3,"s:10:4:10:Infinity":4,"s:11:4:11:Infinity":5,"s:14:2:31:Infinity":6,"b:16:7:16:16:16:16:16:Infinity":1},"fnNames":{}}}
,"C:\\Users\\monic\\Downloads\\Training Assignment\\react\\session4\\src\\components\\InternListWithCallback.tsx": {"path":"C:\\Users\\monic\\Downloads\\Training Assignment\\react\\session4\\src\\components\\InternListWithCallback.tsx","statementMap":{"0":{"start":{"line":13,"column":20},"end":{"line":13,"column":29}},"1":{"start":{"line":14,"column":2},"end":{"line":14,"column":null}},"2":{"start":{"line":16,"column":2},"end":{"line":24,"column":null}},"3":{"start":{"line":23,"column":29},"end":{"line":23,"column":43}},"4":{"start":{"line":29,"column":36},"end":{"line":29,"column":47}},"5":{"start":{"line":31,"column":23},"end":{"line":33,"column":null}},"6":{"start":{"line":32,"column":4},"end":{"line":32,"column":null}},"7":{"start":{"line":35,"column":2},"end":{"line":46,"column":null}},"8":{"start":{"line":38,"column":8},"end":{"line":44,"column":null}}},"fnMap":{"0":{"name":"InternRow","decl":{"start":{"line":12,"column":9},"end":{"line":12,"column":19}},"loc":{"start":{"line":12,"column":66},"end":{"line":26,"column":null}},"line":12},"1":{"name":"(anonymous_1)","decl":{"start":{"line":23,"column":14},"end":{"line":23,"column":29}},"loc":{"start":{"line":23,"column":29},"end":{"line":23,"column":43}},"line":23},"2":{"name":"InternListWithCallback","decl":{"start":{"line":28,"column":9},"end":{"line":28,"column":34}},"loc":{"start":{"line":28,"column":34},"end":{"line":48,"column":null}},"line":28},"3":{"name":"(anonymous_3)","decl":{"start":{"line":31,"column":23},"end":{"line":31,"column":36}},"loc":{"start":{"line":31,"column":57},"end":{"line":33,"column":5}},"line":31},"4":{"name":"(anonymous_4)","decl":{"start":{"line":37,"column":15},"end":{"line":37,"column":19}},"loc":{"start":{"line":38,"column":8},"end":{"line":44,"column":null}},"line":38}},"branchMap":{"0":{"loc":{"start":{"line":18,"column":18},"end":{"line":18,"column":null}},"type":"cond-expr","locations":[{"start":{"line":18,"column":38},"end":{"line":18,"column":47}},{"start":{"line":18,"column":47},"end":{"line":18,"column":null}}],"line":18},"1":{"loc":{"start":{"line":19,"column":18},"end":{"line":19,"column":null}},"type":"cond-expr","locations":[{"start":{"line":19,"column":38},"end":{"line":19,"column":47}},{"start":{"line":19,"column":47},"end":{"line":19,"column":null}}],"line":19}},"s":{"0":9,"1":9,"2":9,"3":1,"4":3,"5":3,"6":1,"7":3,"8":9},"f":{"0":9,"1":1,"2":3,"3":1,"4":9},"b":{"0":[9,0],"1":[9,0]},"meta":{"lastBranch":2,"lastFunction":5,"lastStatement":9,"seen":{"f:12:9:12:19":0,"s:13:20:13:29":0,"s:14:2:14:Infinity":1,"s:16:2:24:Infinity":2,"b:18:38:18:47:18:47:18:Infinity":0,"b:19:38:19:47:19:47:19:Infinity":1,"f:23:14:23:29":1,"s:23:29:23:43":3,"f:28:9:28:34":2,"s:29:36:29:47":4,"s:31:23:33:Infinity":5,"f:31:23:31:36":3,"s:32:4:32:Infinity":6,"s:35:2:46:Infinity":7,"f:37:15:37:19":4,"s:38:8:44:Infinity":8},"fnNames":{}}}
,"C:\\Users\\monic\\Downloads\\Training Assignment\\react\\session4\\src\\components\\InternRow.tsx": {"path":"C:\\Users\\monic\\Downloads\\Training Assignment\\react\\session4\\src\\components\\InternRow.tsx","statementMap":{"0":{"start":{"line":14,"column":2},"end":{"line":19,"column":null}},"1":{"start":{"line":18,"column":29},"end":{"line":18,"column":43}}},"fnMap":{"0":{"name":"InternRow","decl":{"start":{"line":8,"column":24},"end":{"line":8,"column":34}},"loc":{"start":{"line":13,"column":19},"end":{"line":21,"column":null}},"line":13},"1":{"name":"(anonymous_1)","decl":{"start":{"line":18,"column":14},"end":{"line":18,"column":29}},"loc":{"start":{"line":18,"column":29},"end":{"line":18,"column":43}},"line":18}},"branchMap":{},"s":{"0":3,"1":1},"f":{"0":3,"1":1},"b":{},"meta":{"lastBranch":0,"lastFunction":2,"lastStatement":2,"seen":{"f:8:24:8:34":0,"s:14:2:19:Infinity":0,"f:18:14:18:29":1,"s:18:29:18:43":1},"fnNames":{}}}
,"C:\\Users\\monic\\Downloads\\Training Assignment\\react\\session4\\src\\components\\Navbar.tsx": {"path":"C:\\Users\\monic\\Downloads\\Training Assignment\\react\\session4\\src\\components\\Navbar.tsx","statementMap":{"0":{"start":{"line":4,"column":33},"end":{"line":4,"column":42}},"1":{"start":{"line":6,"column":2},"end":{"line":18,"column":null}}},"fnMap":{"0":{"name":"Navbar","decl":{"start":{"line":3,"column":9},"end":{"line":3,"column":18}},"loc":{"start":{"line":3,"column":18},"end":{"line":20,"column":null}},"line":3}},"branchMap":{"0":{"loc":{"start":{"line":8,"column":18},"end":{"line":8,"column":null}},"type":"cond-expr","locations":[{"start":{"line":8,"column":38},"end":{"line":8,"column":50}},{"start":{"line":8,"column":50},"end":{"line":8,"column":null}}],"line":8},"1":{"loc":{"start":{"line":9,"column":18},"end":{"line":9,"column":null}},"type":"cond-expr","locations":[{"start":{"line":9,"column":38},"end":{"line":9,"column":50}},{"start":{"line":9,"column":50},"end":{"line":9,"column":null}}],"line":9},"2":{"loc":{"start":{"line":16,"column":19},"end":{"line":16,"column":56}},"type":"cond-expr","locations":[{"start":{"line":16,"column":39},"end":{"line":16,"column":48}},{"start":{"line":16,"column":48},"end":{"line":16,"column":56}}],"line":16}},"s":{"0":5,"1":5},"f":{"0":5},"b":{"0":[4,1],"1":[4,1],"2":[4,1]},"meta":{"lastBranch":3,"lastFunction":1,"lastStatement":2,"seen":{"f:3:9:3:18":0,"s:4:33:4:42":0,"s:6:2:18:Infinity":1,"b:8:38:8:50:8:50:8:Infinity":0,"b:9:38:9:50:9:50:9:Infinity":1,"b:16:39:16:48:16:48:16:56":2},"fnNames":{}}}
,"C:\\Users\\monic\\Downloads\\Training Assignment\\react\\session4\\src\\components\\ScoreStats.tsx": {"path":"C:\\Users\\monic\\Downloads\\Training Assignment\\react\\session4\\src\\components\\ScoreStats.tsx","statementMap":{"0":{"start":{"line":6,"column":17},"end":{"line":6,"column":null}},"1":{"start":{"line":6,"column":34},"end":{"line":6,"column":41}},"2":{"start":{"line":8,"column":2},"end":{"line":16,"column":null}},"3":{"start":{"line":13,"column":45},"end":{"line":13,"column":52}},"4":{"start":{"line":15,"column":33},"end":{"line":15,"column":46}},"5":{"start":{"line":21,"column":22},"end":{"line":21,"column":33}},"6":{"start":{"line":22,"column":32},"end":{"line":22,"column":null}},"7":{"start":{"line":24,"column":2},"end":{"line":30,"column":null}},"8":{"start":{"line":25,"column":18},"end":{"line":27,"column":null}},"9":{"start":{"line":26,"column":6},"end":{"line":26,"column":null}},"10":{"start":{"line":29,"column":4},"end":{"line":29,"column":null}},"11":{"start":{"line":29,"column":17},"end":{"line":29,"column":null}},"12":{"start":{"line":32,"column":16},"end":{"line":36,"column":null}},"13":{"start":{"line":33,"column":4},"end":{"line":33,"column":null}},"14":{"start":{"line":35,"column":4},"end":{"line":35,"column":null}},"15":{"start":{"line":38,"column":2},"end":{"line":40,"column":null}},"16":{"start":{"line":39,"column":4},"end":{"line":39,"column":null}},"17":{"start":{"line":42,"column":2},"end":{"line":50,"column":null}}},"fnMap":{"0":{"name":"calculateScoreStats","decl":{"start":{"line":5,"column":16},"end":{"line":5,"column":36}},"loc":{"start":{"line":5,"column":71},"end":{"line":17,"column":null}},"line":5},"1":{"name":"(anonymous_1)","decl":{"start":{"line":6,"column":25},"end":{"line":6,"column":29}},"loc":{"start":{"line":6,"column":34},"end":{"line":6,"column":41}},"line":6},"2":{"name":"(anonymous_2)","decl":{"start":{"line":13,"column":28},"end":{"line":13,"column":36}},"loc":{"start":{"line":13,"column":45},"end":{"line":13,"column":52}},"line":13},"3":{"name":"(anonymous_3)","decl":{"start":{"line":15,"column":21},"end":{"line":15,"column":28}},"loc":{"start":{"line":15,"column":33},"end":{"line":15,"column":46}},"line":15},"4":{"name":"ScoreStats","decl":{"start":{"line":20,"column":9},"end":{"line":20,"column":22}},"loc":{"start":{"line":20,"column":22},"end":{"line":52,"column":null}},"line":20},"5":{"name":"(anonymous_5)","decl":{"start":{"line":24,"column":2},"end":{"line":24,"column":18}},"loc":{"start":{"line":24,"column":18},"end":{"line":30,"column":5}},"line":24},"6":{"name":"(anonymous_6)","decl":{"start":{"line":25,"column":18},"end":{"line":25,"column":35}},"loc":{"start":{"line":25,"column":35},"end":{"line":27,"column":7}},"line":25},"7":{"name":"(anonymous_7)","decl":{"start":{"line":29,"column":4},"end":{"line":29,"column":17}},"loc":{"start":{"line":29,"column":17},"end":{"line":29,"column":null}},"line":29},"8":{"name":"(anonymous_8)","decl":{"start":{"line":32,"column":16},"end":{"line":32,"column":30}},"loc":{"start":{"line":32,"column":30},"end":{"line":36,"column":5}},"line":32}},"branchMap":{"0":{"loc":{"start":{"line":9,"column":13},"end":{"line":9,"column":null}},"type":"cond-expr","locations":[{"start":{"line":9,"column":33},"end":{"line":9,"column":55}},{"start":{"line":9,"column":55},"end":{"line":9,"column":null}}],"line":9},"1":{"loc":{"start":{"line":10,"column":12},"end":{"line":10,"column":null}},"type":"cond-expr","locations":[{"start":{"line":10,"column":32},"end":{"line":10,"column":54}},{"start":{"line":10,"column":54},"end":{"line":10,"column":null}}],"line":10},"2":{"loc":{"start":{"line":12,"column":6},"end":{"line":14,"column":null}},"type":"cond-expr","locations":[{"start":{"line":13,"column":10},"end":{"line":13,"column":null}},{"start":{"line":14,"column":10},"end":{"line":14,"column":null}}],"line":12},"3":{"loc":{"start":{"line":38,"column":2},"end":{"line":40,"column":null}},"type":"if","locations":[{"start":{"line":38,"column":2},"end":{"line":40,"column":null}},{"start":{},"end":{}}],"line":38}},"s":{"0":5,"1":5,"2":5,"3":5,"4":5,"5":5,"6":5,"7":5,"8":3,"9":2,"10":3,"11":3,"12":5,"13":5,"14":5,"15":5,"16":3,"17":2},"f":{"0":5,"1":5,"2":5,"3":5,"4":5,"5":3,"6":2,"7":3,"8":5},"b":{"0":[5,0],"1":[5,0],"2":[5,0],"3":[3,2]},"meta":{"lastBranch":4,"lastFunction":9,"lastStatement":18,"seen":{"f:5:16:5:36":0,"s:6:17:6:Infinity":0,"f:6:25:6:29":1,"s:6:34:6:41":1,"s:8:2:16:Infinity":2,"b:9:33:9:55:9:55:9:Infinity":0,"b:10:32:10:54:10:54:10:Infinity":1,"b:13:10:13:Infinity:14:10:14:Infinity":2,"f:13:28:13:36":2,"s:13:45:13:52":3,"f:15:21:15:28":3,"s:15:33:15:46":4,"f:20:9:20:22":4,"s:21:22:21:33":5,"s:22:32:22:Infinity":6,"s:24:2:30:Infinity":7,"f:24:2:24:18":5,"s:25:18:27:Infinity":8,"f:25:18:25:35":6,"s:26:6:26:Infinity":9,"s:29:4:29:Infinity":10,"f:29:4:29:17":7,"s:29:17:29:Infinity":11,"s:32:16:36:Infinity":12,"f:32:16:32:30":8,"s:33:4:33:Infinity":13,"s:35:4:35:Infinity":14,"b:38:2:40:Infinity:undefined:undefined:undefined:undefined":3,"s:38:2:40:Infinity":15,"s:39:4:39:Infinity":16,"s:42:2:50:Infinity":17},"fnNames":{}}}
,"C:\\Users\\monic\\Downloads\\Training Assignment\\react\\session4\\src\\components\\SummaryBar.tsx": {"path":"C:\\Users\\monic\\Downloads\\Training Assignment\\react\\session4\\src\\components\\SummaryBar.tsx","statementMap":{"0":{"start":{"line":4,"column":22},"end":{"line":4,"column":33}},"1":{"start":{"line":6,"column":16},"end":{"line":6,"column":null}},"2":{"start":{"line":8,"column":18},"end":{"line":10,"column":null}},"3":{"start":{"line":9,"column":16},"end":{"line":9,"column":null}},"4":{"start":{"line":13,"column":4},"end":{"line":20,"column":null}},"5":{"start":{"line":17,"column":29},"end":{"line":17,"column":null}},"6":{"start":{"line":22,"column":2},"end":{"line":27,"column":null}}},"fnMap":{"0":{"name":"SummaryBar","decl":{"start":{"line":3,"column":24},"end":{"line":3,"column":37}},"loc":{"start":{"line":3,"column":37},"end":{"line":29,"column":null}},"line":3},"1":{"name":"(anonymous_1)","decl":{"start":{"line":8,"column":26},"end":{"line":8,"column":null}},"loc":{"start":{"line":9,"column":16},"end":{"line":9,"column":null}},"line":9},"2":{"name":"(anonymous_2)","decl":{"start":{"line":16,"column":18},"end":{"line":16,"column":null}},"loc":{"start":{"line":17,"column":29},"end":{"line":17,"column":null}},"line":17}},"branchMap":{"0":{"loc":{"start":{"line":13,"column":4},"end":{"line":20,"column":null}},"type":"cond-expr","locations":[{"start":{"line":14,"column":8},"end":{"line":14,"column":null}},{"start":{"line":14,"column":8},"end":{"line":20,"column":null}}],"line":13}},"s":{"0":3,"1":3,"2":3,"3":9,"4":3,"5":9,"6":3},"f":{"0":3,"1":9,"2":9},"b":{"0":[0,3]},"meta":{"lastBranch":1,"lastFunction":3,"lastStatement":7,"seen":{"f:3:24:3:37":0,"s:4:22:4:33":0,"s:6:16:6:Infinity":1,"s:8:18:10:Infinity":2,"f:8:26:8:Infinity":1,"s:9:16:9:Infinity":3,"s:13:4:20:Infinity":4,"b:14:8:14:Infinity:14:8:20:Infinity":0,"f:16:18:16:Infinity":2,"s:17:29:17:Infinity":5,"s:22:2:27:Infinity":6},"fnNames":{}}}
,"C:\\Users\\monic\\Downloads\\Training Assignment\\react\\session4\\src\\components\\ThemedCard.tsx": {"path":"C:\\Users\\monic\\Downloads\\Training Assignment\\react\\session4\\src\\components\\ThemedCard.tsx","statementMap":{"0":{"start":{"line":9,"column":20},"end":{"line":9,"column":29}},"1":{"start":{"line":11,"column":2},"end":{"line":25,"column":null}}},"fnMap":{"0":{"name":"ThemedCard","decl":{"start":{"line":8,"column":9},"end":{"line":8,"column":20}},"loc":{"start":{"line":8,"column":54},"end":{"line":27,"column":null}},"line":8}},"branchMap":{"0":{"loc":{"start":{"line":13,"column":20},"end":{"line":13,"column":null}},"type":"cond-expr","locations":[{"start":{"line":13,"column":40},"end":{"line":13,"column":52}},{"start":{"line":13,"column":52},"end":{"line":13,"column":null}}],"line":13},"1":{"loc":{"start":{"line":14,"column":20},"end":{"line":14,"column":null}},"type":"cond-expr","locations":[{"start":{"line":14,"column":40},"end":{"line":14,"column":52}},{"start":{"line":14,"column":52},"end":{"line":14,"column":null}}],"line":14},"2":{"loc":{"start":{"line":15,"column":33},"end":{"line":15,"column":null}},"type":"cond-expr","locations":[{"start":{"line":15,"column":53},"end":{"line":15,"column":62}},{"start":{"line":15,"column":62},"end":{"line":15,"column":null}}],"line":15},"3":{"loc":{"start":{"line":22,"column":25},"end":{"line":22,"column":55}},"type":"cond-expr","locations":[{"start":{"line":22,"column":39},"end":{"line":22,"column":49}},{"start":{"line":22,"column":49},"end":{"line":22,"column":55}}],"line":22},"4":{"loc":{"start":{"line":23,"column":9},"end":{"line":23,"column":null}},"type":"cond-expr","locations":[{"start":{"line":23,"column":23},"end":{"line":23,"column":32}},{"start":{"line":23,"column":32},"end":{"line":23,"column":null}}],"line":23}},"s":{"0":14,"1":14},"f":{"0":14},"b":{"0":[14,0],"1":[14,0],"2":[14,0],"3":[11,3],"4":[11,3]},"meta":{"lastBranch":5,"lastFunction":1,"lastStatement":2,"seen":{"f:8:9:8:20":0,"s:9:20:9:29":0,"s:11:2:25:Infinity":1,"b:13:40:13:52:13:52:13:Infinity":0,"b:14:40:14:52:14:52:14:Infinity":1,"b:15:53:15:62:15:62:15:Infinity":2,"b:22:39:22:49:22:49:22:55":3,"b:23:23:23:32:23:32:23:Infinity":4},"fnNames":{}}}
,"C:\\Users\\monic\\Downloads\\Training Assignment\\react\\session4\\src\\contexts\\theme-context.tsx": {"path":"C:\\Users\\monic\\Downloads\\Training Assignment\\react\\session4\\src\\contexts\\theme-context.tsx","statementMap":{"0":{"start":{"line":11,"column":21},"end":{"line":11,"column":null}},"1":{"start":{"line":14,"column":28},"end":{"line":14,"column":null}},"2":{"start":{"line":17,"column":4},"end":{"line":17,"column":null}},"3":{"start":{"line":17,"column":22},"end":{"line":17,"column":58}},"4":{"start":{"line":20,"column":2},"end":{"line":23,"column":null}},"5":{"start":{"line":28,"column":18},"end":{"line":28,"column":null}},"6":{"start":{"line":31,"column":2},"end":{"line":33,"column":null}},"7":{"start":{"line":32,"column":4},"end":{"line":32,"column":null}},"8":{"start":{"line":35,"column":2},"end":{"line":35,"column":null}}},"fnMap":{"0":{"name":"ThemeProvider","decl":{"start":{"line":13,"column":16},"end":{"line":13,"column":30}},"loc":{"start":{"line":13,"column":69},"end":{"line":25,"column":null}},"line":13},"1":{"name":"toggleTheme","decl":{"start":{"line":16,"column":11},"end":{"line":16,"column":31}},"loc":{"start":{"line":16,"column":31},"end":{"line":18,"column":null}},"line":16},"2":{"name":"(anonymous_2)","decl":{"start":{"line":17,"column":4},"end":{"line":17,"column":13}},"loc":{"start":{"line":17,"column":22},"end":{"line":17,"column":58}},"line":17},"3":{"name":"useTheme","decl":{"start":{"line":27,"column":16},"end":{"line":27,"column":45}},"loc":{"start":{"line":27,"column":45},"end":{"line":36,"column":null}},"line":27}},"branchMap":{"0":{"loc":{"start":{"line":17,"column":22},"end":{"line":17,"column":58}},"type":"cond-expr","locations":[{"start":{"line":17,"column":41},"end":{"line":17,"column":50}},{"start":{"line":17,"column":50},"end":{"line":17,"column":58}}],"line":17},"1":{"loc":{"start":{"line":31,"column":2},"end":{"line":33,"column":null}},"type":"if","locations":[{"start":{"line":31,"column":2},"end":{"line":33,"column":null}},{"start":{},"end":{}}],"line":31}},"s":{"0":8,"1":37,"2":1,"3":1,"4":37,"5":19,"6":19,"7":0,"8":19},"f":{"0":37,"1":1,"2":1,"3":19},"b":{"0":[1,0],"1":[0,19]},"meta":{"lastBranch":2,"lastFunction":4,"lastStatement":9,"seen":{"s:11:21:11:Infinity":0,"f:13:16:13:30":0,"s:14:28:14:Infinity":1,"f:16:11:16:31":1,"s:17:4:17:Infinity":2,"f:17:4:17:13":2,"s:17:22:17:58":3,"b:17:41:17:50:17:50:17:58":0,"s:20:2:23:Infinity":4,"f:27:16:27:45":3,"s:28:18:28:Infinity":5,"b:31:2:33:Infinity:undefined:undefined:undefined:undefined":1,"s:31:2:33:Infinity":6,"s:32:4:32:Infinity":7,"s:35:2:35:Infinity":8},"fnNames":{}}}
,"C:\\Users\\monic\\Downloads\\Training Assignment\\react\\session4\\src\\hooks\\useCounter.ts": {"path":"C:\\Users\\monic\\Downloads\\Training Assignment\\react\\session4\\src\\hooks\\useCounter.ts","statementMap":{"0":{"start":{"line":23,"column":28},"end":{"line":23,"column":null}},"1":{"start":{"line":26,"column":4},"end":{"line":26,"column":null}},"2":{"start":{"line":26,"column":21},"end":{"line":26,"column":47}},"3":{"start":{"line":30,"column":4},"end":{"line":30,"column":null}},"4":{"start":{"line":30,"column":21},"end":{"line":30,"column":47}},"5":{"start":{"line":34,"column":4},"end":{"line":34,"column":null}},"6":{"start":{"line":37,"column":2},"end":{"line":37,"column":null}}},"fnMap":{"0":{"name":"useCounter","decl":{"start":{"line":17,"column":9},"end":{"line":17,"column":20}},"loc":{"start":{"line":22,"column":45},"end":{"line":38,"column":null}},"line":22},"1":{"name":"increment","decl":{"start":{"line":25,"column":11},"end":{"line":25,"column":29}},"loc":{"start":{"line":25,"column":29},"end":{"line":27,"column":null}},"line":25},"2":{"name":"(anonymous_2)","decl":{"start":{"line":26,"column":4},"end":{"line":26,"column":13}},"loc":{"start":{"line":26,"column":21},"end":{"line":26,"column":47}},"line":26},"3":{"name":"decrement","decl":{"start":{"line":29,"column":11},"end":{"line":29,"column":29}},"loc":{"start":{"line":29,"column":29},"end":{"line":31,"column":null}},"line":29},"4":{"name":"(anonymous_4)","decl":{"start":{"line":30,"column":4},"end":{"line":30,"column":13}},"loc":{"start":{"line":30,"column":21},"end":{"line":30,"column":47}},"line":30},"5":{"name":"reset","decl":{"start":{"line":33,"column":11},"end":{"line":33,"column":25}},"loc":{"start":{"line":33,"column":25},"end":{"line":35,"column":null}},"line":33}},"branchMap":{"0":{"loc":{"start":{"line":17,"column":20},"end":{"line":22,"column":45}},"type":"default-arg","locations":[{"start":{"line":22,"column":23},"end":{"line":22,"column":45}}],"line":17},"1":{"loc":{"start":{"line":18,"column":2},"end":{"line":18,"column":null}},"type":"default-arg","locations":[{"start":{"line":18,"column":12},"end":{"line":18,"column":null}}],"line":18},"2":{"loc":{"start":{"line":19,"column":2},"end":{"line":19,"column":null}},"type":"default-arg","locations":[{"start":{"line":19,"column":8},"end":{"line":19,"column":null}}],"line":19},"3":{"loc":{"start":{"line":20,"column":2},"end":{"line":20,"column":null}},"type":"default-arg","locations":[{"start":{"line":20,"column":8},"end":{"line":20,"column":null}}],"line":20},"4":{"loc":{"start":{"line":21,"column":2},"end":{"line":21,"column":null}},"type":"default-arg","locations":[{"start":{"line":21,"column":9},"end":{"line":21,"column":null}}],"line":21}},"s":{"0":8,"1":3,"2":3,"3":1,"4":1,"5":1,"6":8},"f":{"0":8,"1":3,"2":3,"3":1,"4":1,"5":1},"b":{"0":[8],"1":[8],"2":[8],"3":[8],"4":[8]},"meta":{"lastBranch":5,"lastFunction":6,"lastStatement":7,"seen":{"f:17:9:17:20":0,"b:22:23:22:45":0,"b:18:12:18:Infinity":1,"b:19:8:19:Infinity":2,"b:20:8:20:Infinity":3,"b:21:9:21:Infinity":4,"s:23:28:23:Infinity":0,"f:25:11:25:29":1,"s:26:4:26:Infinity":1,"f:26:4:26:13":2,"s:26:21:26:47":2,"f:29:11:29:29":3,"s:30:4:30:Infinity":3,"f:30:4:30:13":4,"s:30:21:30:47":4,"f:33:11:33:25":5,"s:34:4:34:Infinity":5,"s:37:2:37:Infinity":6},"fnNames":{}}}
,"C:\\Users\\monic\\Downloads\\Training Assignment\\react\\session4\\src\\hooks\\useInternForm.ts": {"path":"C:\\Users\\monic\\Downloads\\Training Assignment\\react\\session4\\src\\hooks\\useInternForm.ts","statementMap":{"0":{"start":{"line":19,"column":37},"end":{"line":21,"column":null}},"1":{"start":{"line":24,"column":28},"end":{"line":24,"column":null}},"2":{"start":{"line":25,"column":28},"end":{"line":25,"column":null}},"3":{"start":{"line":30,"column":34},"end":{"line":30,"column":null}},"4":{"start":{"line":33,"column":4},"end":{"line":35,"column":null}},"5":{"start":{"line":34,"column":6},"end":{"line":34,"column":null}},"6":{"start":{"line":37,"column":4},"end":{"line":44,"column":null}},"7":{"start":{"line":37,"column":21},"end":{"line":44,"column":6}},"8":{"start":{"line":46,"column":4},"end":{"line":46,"column":null}},"9":{"start":{"line":46,"column":15},"end":{"line":46,"column":null}},"10":{"start":{"line":50,"column":4},"end":{"line":50,"column":null}},"11":{"start":{"line":51,"column":4},"end":{"line":51,"column":null}},"12":{"start":{"line":56,"column":28},"end":{"line":56,"column":null}},"13":{"start":{"line":59,"column":4},"end":{"line":62,"column":null}},"14":{"start":{"line":60,"column":6},"end":{"line":60,"column":null}},"15":{"start":{"line":61,"column":6},"end":{"line":61,"column":null}},"16":{"start":{"line":65,"column":4},"end":{"line":65,"column":null}},"17":{"start":{"line":66,"column":4},"end":{"line":66,"column":null}},"18":{"start":{"line":69,"column":2},"end":{"line":69,"column":null}}},"fnMap":{"0":{"name":"useInternForm","decl":{"start":{"line":23,"column":9},"end":{"line":23,"column":46}},"loc":{"start":{"line":23,"column":46},"end":{"line":70,"column":null}},"line":23},"1":{"name":"handleChange","decl":{"start":{"line":27,"column":11},"end":{"line":27,"column":null}},"loc":{"start":{"line":29,"column":10},"end":{"line":47,"column":null}},"line":29},"2":{"name":"(anonymous_2)","decl":{"start":{"line":37,"column":4},"end":{"line":37,"column":12}},"loc":{"start":{"line":37,"column":21},"end":{"line":44,"column":6}},"line":37},"3":{"name":"handleReset","decl":{"start":{"line":49,"column":11},"end":{"line":49,"column":31}},"loc":{"start":{"line":49,"column":31},"end":{"line":52,"column":null}},"line":49},"4":{"name":"isValid","decl":{"start":{"line":54,"column":11},"end":{"line":54,"column":30}},"loc":{"start":{"line":54,"column":30},"end":{"line":67,"column":null}},"line":54}},"branchMap":{"0":{"loc":{"start":{"line":33,"column":4},"end":{"line":35,"column":null}},"type":"if","locations":[{"start":{"line":33,"column":4},"end":{"line":35,"column":null}},{"start":{},"end":{}}],"line":33},"1":{"loc":{"start":{"line":33,"column":8},"end":{"line":33,"column":41}},"type":"binary-expr","locations":[{"start":{"line":33,"column":8},"end":{"line":33,"column":17}},{"start":{"line":33,"column":17},"end":{"line":33,"column":41}}],"line":33},"2":{"loc":{"start":{"line":39,"column":14},"end":{"line":43,"column":null}},"type":"cond-expr","locations":[{"start":{"line":40,"column":11},"end":{"line":40,"column":null}},{"start":{"line":41,"column":10},"end":{"line":43,"column":null}}],"line":39},"3":{"loc":{"start":{"line":41,"column":10},"end":{"line":43,"column":null}},"type":"cond-expr","locations":[{"start":{"line":42,"column":12},"end":{"line":42,"column":null}},{"start":{"line":43,"column":12},"end":{"line":43,"column":null}}],"line":41},"4":{"loc":{"start":{"line":46,"column":4},"end":{"line":46,"column":null}},"type":"if","locations":[{"start":{"line":46,"column":4},"end":{"line":46,"column":null}},{"start":{},"end":{}}],"line":46},"5":{"loc":{"start":{"line":59,"column":4},"end":{"line":62,"column":null}},"type":"if","locations":[{"start":{"line":59,"column":4},"end":{"line":62,"column":null}},{"start":{},"end":{}}],"line":59}},"s":{"0":3,"1":54,"2":54,"3":35,"4":35,"5":0,"6":35,"7":35,"8":35,"9":1,"10":3,"11":3,"12":7,"13":7,"14":5,"15":5,"16":2,"17":2,"18":54},"f":{"0":54,"1":35,"2":35,"3":3,"4":7},"b":{"0":[0,35],"1":[35,35],"2":[0,35],"3":[10,25],"4":[1,34],"5":[5,2]},"meta":{"lastBranch":6,"lastFunction":5,"lastStatement":19,"seen":{"s:19:37:21:Infinity":0,"f:23:9:23:46":0,"s:24:28:24:Infinity":1,"s:25:28:25:Infinity":2,"f:27:11:27:Infinity":1,"s:30:34:30:Infinity":3,"b:33:4:35:Infinity:undefined:undefined:undefined:undefined":0,"s:33:4:35:Infinity":4,"b:33:8:33:17:33:17:33:41":1,"s:34:6:34:Infinity":5,"s:37:4:44:Infinity":6,"f:37:4:37:12":2,"s:37:21:44:6":7,"b:40:11:40:Infinity:41:10:43:Infinity":2,"b:42:12:42:Infinity:43:12:43:Infinity":3,"b:46:4:46:Infinity:undefined:undefined:undefined:undefined":4,"s:46:4:46:Infinity":8,"s:46:15:46:Infinity":9,"f:49:11:49:31":3,"s:50:4:50:Infinity":10,"s:51:4:51:Infinity":11,"f:54:11:54:30":4,"s:56:28:56:Infinity":12,"b:59:4:62:Infinity:undefined:undefined:undefined:undefined":5,"s:59:4:62:Infinity":13,"s:60:6:60:Infinity":14,"s:61:6:61:Infinity":15,"s:65:4:65:Infinity":16,"s:66:4:66:Infinity":17,"s:69:2:69:Infinity":18},"fnNames":{}}}
,"C:\\Users\\monic\\Downloads\\Training Assignment\\react\\session4\\src\\repositories\\intern-repository.ts": {"path":"C:\\Users\\monic\\Downloads\\Training Assignment\\react\\session4\\src\\repositories\\intern-repository.ts","statementMap":{"0":{"start":{"line":5,"column":32},"end":{"line":5,"column":null}},"1":{"start":{"line":7,"column":8},"end":{"line":8,"column":null}},"2":{"start":{"line":8,"column":4},"end":{"line":8,"column":null}},"3":{"start":{"line":8,"column":23},"end":{"line":8,"column":40}},"4":{"start":{"line":10,"column":8},"end":{"line":11,"column":null}},"5":{"start":{"line":11,"column":4},"end":{"line":11,"column":null}},"6":{"start":{"line":11,"column":23},"end":{"line":11,"column":52}},"7":{"start":{"line":11,"column":40},"end":{"line":11,"column":51}},"8":{"start":{"line":13,"column":8},"end":{"line":14,"column":null}},"9":{"start":{"line":14,"column":4},"end":{"line":14,"column":null}},"10":{"start":{"line":14,"column":23},"end":{"line":14,"column":69}},"11":{"start":{"line":14,"column":37},"end":{"line":14,"column":68}},"12":{"start":{"line":16,"column":2},"end":{"line":16,"column":null}}},"fnMap":{"0":{"name":"useInternRepository","decl":{"start":{"line":4,"column":16},"end":{"line":4,"column":38}},"loc":{"start":{"line":4,"column":38},"end":{"line":17,"column":null}},"line":4},"1":{"name":"(anonymous_1)","decl":{"start":{"line":7,"column":8},"end":{"line":7,"column":15}},"loc":{"start":{"line":8,"column":4},"end":{"line":8,"column":null}},"line":8},"2":{"name":"(anonymous_2)","decl":{"start":{"line":8,"column":4},"end":{"line":8,"column":15}},"loc":{"start":{"line":8,"column":23},"end":{"line":8,"column":40}},"line":8},"3":{"name":"(anonymous_3)","decl":{"start":{"line":10,"column":8},"end":{"line":10,"column":18}},"loc":{"start":{"line":11,"column":4},"end":{"line":11,"column":null}},"line":11},"4":{"name":"(anonymous_4)","decl":{"start":{"line":11,"column":4},"end":{"line":11,"column":15}},"loc":{"start":{"line":11,"column":23},"end":{"line":11,"column":52}},"line":11},"5":{"name":"(anonymous_5)","decl":{"start":{"line":11,"column":28},"end":{"line":11,"column":35}},"loc":{"start":{"line":11,"column":40},"end":{"line":11,"column":51}},"line":11},"6":{"name":"(anonymous_6)","decl":{"start":{"line":13,"column":8},"end":{"line":13,"column":18}},"loc":{"start":{"line":14,"column":4},"end":{"line":14,"column":null}},"line":14},"7":{"name":"(anonymous_7)","decl":{"start":{"line":14,"column":4},"end":{"line":14,"column":15}},"loc":{"start":{"line":14,"column":23},"end":{"line":14,"column":69}},"line":14},"8":{"name":"(anonymous_8)","decl":{"start":{"line":14,"column":28},"end":{"line":14,"column":32}},"loc":{"start":{"line":14,"column":37},"end":{"line":14,"column":68}},"line":14}},"branchMap":{"0":{"loc":{"start":{"line":14,"column":37},"end":{"line":14,"column":68}},"type":"cond-expr","locations":[{"start":{"line":14,"column":58},"end":{"line":14,"column":67}},{"start":{"line":14,"column":67},"end":{"line":14,"column":68}}],"line":14}},"s":{"0":17,"1":17,"2":9,"3":9,"4":17,"5":2,"6":2,"7":3,"8":17,"9":2,"10":2,"11":3,"12":17},"f":{"0":17,"1":9,"2":9,"3":2,"4":2,"5":3,"6":2,"7":2,"8":3},"b":{"0":[2,1]},"meta":{"lastBranch":1,"lastFunction":9,"lastStatement":13,"seen":{"f:4:16:4:38":0,"s:5:32:5:Infinity":0,"s:7:8:8:Infinity":1,"f:7:8:7:15":1,"s:8:4:8:Infinity":2,"f:8:4:8:15":2,"s:8:23:8:40":3,"s:10:8:11:Infinity":4,"f:10:8:10:18":3,"s:11:4:11:Infinity":5,"f:11:4:11:15":4,"s:11:23:11:52":6,"f:11:28:11:35":5,"s:11:40:11:51":7,"s:13:8:14:Infinity":8,"f:13:8:13:18":6,"s:14:4:14:Infinity":9,"f:14:4:14:15":7,"s:14:23:14:69":10,"f:14:28:14:32":8,"s:14:37:14:68":11,"b:14:58:14:67:14:67:14:68":0,"s:16:2:16:Infinity":12},"fnNames":{}}}
,"C:\\Users\\monic\\Downloads\\Training Assignment\\react\\session4\\src\\services\\intern-service.ts": {"path":"C:\\Users\\monic\\Downloads\\Training Assignment\\react\\session4\\src\\services\\intern-service.ts","statementMap":{"0":{"start":{"line":25,"column":2},"end":{"line":31,"column":null}},"1":{"start":{"line":37,"column":2},"end":{"line":37,"column":null}},"2":{"start":{"line":42,"column":2},"end":{"line":42,"column":null}},"3":{"start":{"line":42,"column":28},"end":{"line":42,"column":null}},"4":{"start":{"line":43,"column":16},"end":{"line":43,"column":null}},"5":{"start":{"line":43,"column":48},"end":{"line":43,"column":68}},"6":{"start":{"line":44,"column":2},"end":{"line":44,"column":null}},"7":{"start":{"line":49,"column":2},"end":{"line":49,"column":null}},"8":{"start":{"line":57,"column":18},"end":{"line":57,"column":null}},"9":{"start":{"line":58,"column":2},"end":{"line":58,"column":null}},"10":{"start":{"line":58,"column":16},"end":{"line":58,"column":null}},"11":{"start":{"line":60,"column":2},"end":{"line":64,"column":null}},"12":{"start":{"line":62,"column":6},"end":{"line":63,"column":null}}},"fnMap":{"0":{"name":"createIntern","decl":{"start":{"line":21,"column":16},"end":{"line":21,"column":null}},"loc":{"start":{"line":24,"column":10},"end":{"line":32,"column":null}},"line":24},"1":{"name":"validateInternForm","decl":{"start":{"line":36,"column":16},"end":{"line":36,"column":35}},"loc":{"start":{"line":36,"column":73},"end":{"line":38,"column":null}},"line":36},"2":{"name":"calculateAverageScore","decl":{"start":{"line":41,"column":16},"end":{"line":41,"column":38}},"loc":{"start":{"line":41,"column":65},"end":{"line":45,"column":null}},"line":41},"3":{"name":"(anonymous_3)","decl":{"start":{"line":43,"column":24},"end":{"line":43,"column":32}},"loc":{"start":{"line":43,"column":48},"end":{"line":43,"column":68}},"line":43},"4":{"name":"getScoreLabel","decl":{"start":{"line":48,"column":16},"end":{"line":48,"column":30}},"loc":{"start":{"line":48,"column":62},"end":{"line":50,"column":null}},"line":48},"5":{"name":"filterInterns","decl":{"start":{"line":53,"column":16},"end":{"line":53,"column":null}},"loc":{"start":{"line":56,"column":12},"end":{"line":65,"column":null}},"line":56},"6":{"name":"(anonymous_6)","decl":{"start":{"line":60,"column":17},"end":{"line":60,"column":null}},"loc":{"start":{"line":62,"column":6},"end":{"line":63,"column":null}},"line":62}},"branchMap":{"0":{"loc":{"start":{"line":23,"column":2},"end":{"line":23,"column":null}},"type":"default-arg","locations":[{"start":{"line":23,"column":29},"end":{"line":23,"column":null}}],"line":23},"1":{"loc":{"start":{"line":42,"column":2},"end":{"line":42,"column":null}},"type":"if","locations":[{"start":{"line":42,"column":2},"end":{"line":42,"column":null}},{"start":{},"end":{}}],"line":42},"2":{"loc":{"start":{"line":49,"column":9},"end":{"line":49,"column":null}},"type":"cond-expr","locations":[{"start":{"line":49,"column":23},"end":{"line":49,"column":32}},{"start":{"line":49,"column":32},"end":{"line":49,"column":null}}],"line":49},"3":{"loc":{"start":{"line":58,"column":2},"end":{"line":58,"column":null}},"type":"if","locations":[{"start":{"line":58,"column":2},"end":{"line":58,"column":null}},{"start":{},"end":{}}],"line":58},"4":{"loc":{"start":{"line":62,"column":6},"end":{"line":63,"column":null}},"type":"binary-expr","locations":[{"start":{"line":62,"column":6},"end":{"line":62,"column":null}},{"start":{"line":63,"column":6},"end":{"line":63,"column":null}}],"line":62}},"s":{"0":1,"1":3,"2":2,"3":1,"4":1,"5":3,"6":1,"7":3,"8":4,"9":4,"10":1,"11":3,"12":6},"f":{"0":1,"1":3,"2":2,"3":3,"4":3,"5":4,"6":6},"b":{"0":[1],"1":[1,1],"2":[2,1],"3":[1,3],"4":[6,4]},"meta":{"lastBranch":5,"lastFunction":7,"lastStatement":13,"seen":{"f:21:16:21:Infinity":0,"b:23:29:23:Infinity":0,"s:25:2:31:Infinity":0,"f:36:16:36:35":1,"s:37:2:37:Infinity":1,"f:41:16:41:38":2,"b:42:2:42:Infinity:undefined:undefined:undefined:undefined":1,"s:42:2:42:Infinity":2,"s:42:28:42:Infinity":3,"s:43:16:43:Infinity":4,"f:43:24:43:32":3,"s:43:48:43:68":5,"s:44:2:44:Infinity":6,"f:48:16:48:30":4,"s:49:2:49:Infinity":7,"b:49:23:49:32:49:32:49:Infinity":2,"f:53:16:53:Infinity":5,"s:57:18:57:Infinity":8,"b:58:2:58:Infinity:undefined:undefined:undefined:undefined":3,"s:58:2:58:Infinity":9,"s:58:16:58:Infinity":10,"s:60:2:64:Infinity":11,"f:60:17:60:Infinity":6,"s:62:6:63:Infinity":12,"b:62:6:62:Infinity:63:6:63:Infinity":4},"fnNames":{}}}
,"C:\\Users\\monic\\Downloads\\Training Assignment\\react\\session4\\src\\test\\test-utils.tsx": {"path":"C:\\Users\\monic\\Downloads\\Training Assignment\\react\\session4\\src\\test\\test-utils.tsx","statementMap":{"0":{"start":{"line":6,"column":2},"end":{"line":9,"column":null}},"1":{"start":{"line":14,"column":2},"end":{"line":14,"column":null}}},"fnMap":{"0":{"name":"AllProviders","decl":{"start":{"line":5,"column":9},"end":{"line":5,"column":22}},"loc":{"start":{"line":5,"column":61},"end":{"line":11,"column":null}},"line":5},"1":{"name":"customRender","decl":{"start":{"line":13,"column":9},"end":{"line":13,"column":22}},"loc":{"start":{"line":13,"column":71},"end":{"line":15,"column":null}},"line":13}},"branchMap":{},"s":{"0":35,"1":35},"f":{"0":35,"1":35},"b":{},"meta":{"lastBranch":0,"lastFunction":2,"lastStatement":2,"seen":{"f:5:9:5:22":0,"s:6:2:9:Infinity":0,"f:13:9:13:22":1,"s:14:2:14:Infinity":1},"fnNames":{}}}
,"C:\\Users\\monic\\Downloads\\Training Assignment\\react\\session4\\src\\utils\\assert.ts": {"path":"C:\\Users\\monic\\Downloads\\Training Assignment\\react\\session4\\src\\utils\\assert.ts","statementMap":{"0":{"start":{"line":2,"column":2},"end":{"line":2,"column":null}},"1":{"start":{"line":2,"column":18},"end":{"line":2,"column":null}}},"fnMap":{"0":{"name":"assert","decl":{"start":{"line":1,"column":16},"end":{"line":1,"column":23}},"loc":{"start":{"line":1,"column":79},"end":{"line":3,"column":null}},"line":1}},"branchMap":{"0":{"loc":{"start":{"line":2,"column":2},"end":{"line":2,"column":null}},"type":"if","locations":[{"start":{"line":2,"column":2},"end":{"line":2,"column":null}},{"start":{},"end":{}}],"line":2}},"s":{"0":81,"1":3},"f":{"0":81},"b":{"0":[3,78]},"meta":{"lastBranch":1,"lastFunction":1,"lastStatement":2,"seen":{"f:1:16:1:23":0,"b:2:2:2:Infinity:undefined:undefined:undefined:undefined":0,"s:2:2:2:Infinity":0,"s:2:18:2:Infinity":1},"fnNames":{}}}
,"C:\\Users\\monic\\Downloads\\Training Assignment\\react\\session4\\src\\utils\\generate-id.ts": {"path":"C:\\Users\\monic\\Downloads\\Training Assignment\\react\\session4\\src\\utils\\generate-id.ts","statementMap":{"0":{"start":{"line":5,"column":2},"end":{"line":5,"column":null}}},"fnMap":{"0":{"name":"generateInternId","decl":{"start":{"line":1,"column":16},"end":{"line":1,"column":null}},"loc":{"start":{"line":4,"column":10},"end":{"line":6,"column":null}},"line":4}},"branchMap":{"0":{"loc":{"start":{"line":2,"column":2},"end":{"line":2,"column":null}},"type":"default-arg","locations":[{"start":{"line":2,"column":22},"end":{"line":2,"column":null}}],"line":2},"1":{"loc":{"start":{"line":3,"column":2},"end":{"line":3,"column":null}},"type":"default-arg","locations":[{"start":{"line":3,"column":25},"end":{"line":3,"column":null}}],"line":3}},"s":{"0":3},"f":{"0":3},"b":{"0":[3],"1":[3]},"meta":{"lastBranch":2,"lastFunction":1,"lastStatement":1,"seen":{"f:1:16:1:Infinity":0,"b:2:22:2:Infinity":0,"b:3:25:3:Infinity":1,"s:5:2:5:Infinity":0},"fnNames":{}}}
,"C:\\Users\\monic\\Downloads\\Training Assignment\\react\\session4\\src\\utils\\intern-report.ts": {"path":"C:\\Users\\monic\\Downloads\\Training Assignment\\react\\session4\\src\\utils\\intern-report.ts","statementMap":{"0":{"start":{"line":2,"column":15},"end":{"line":2,"column":null}},"1":{"start":{"line":3,"column":2},"end":{"line":10,"column":null}},"2":{"start":{"line":3,"column":15},"end":{"line":3,"column":18}},"3":{"start":{"line":4,"column":12},"end":{"line":4,"column":null}},"4":{"start":{"line":5,"column":4},"end":{"line":9,"column":null}},"5":{"start":{"line":6,"column":6},"end":{"line":6,"column":null}},"6":{"start":{"line":8,"column":6},"end":{"line":8,"column":null}},"7":{"start":{"line":11,"column":2},"end":{"line":11,"column":null}}},"fnMap":{"0":{"name":"getReport","decl":{"start":{"line":1,"column":16},"end":{"line":1,"column":26}},"loc":{"start":{"line":1,"column":39},"end":{"line":12,"column":null}},"line":1}},"branchMap":{"0":{"loc":{"start":{"line":5,"column":4},"end":{"line":9,"column":null}},"type":"if","locations":[{"start":{"line":5,"column":4},"end":{"line":9,"column":null}},{"start":{"line":7,"column":11},"end":{"line":9,"column":null}}],"line":5}},"s":{"0":1,"1":1,"2":1,"3":2,"4":2,"5":1,"6":1,"7":1},"f":{"0":1},"b":{"0":[1,1]},"meta":{"lastBranch":1,"lastFunction":1,"lastStatement":8,"seen":{"f:1:16:1:26":0,"s:2:15:2:Infinity":0,"s:3:2:10:Infinity":1,"s:3:15:3:18":2,"s:4:12:4:Infinity":3,"b:5:4:9:Infinity:7:11:9:Infinity":0,"s:5:4:9:Infinity":4,"s:6:6:6:Infinity":5,"s:8:6:8:Infinity":6,"s:11:2:11:Infinity":7},"fnNames":{}}}
,"C:\\Users\\monic\\Downloads\\Training Assignment\\react\\session4\\src\\utils\\intern-request.ts": {"path":"C:\\Users\\monic\\Downloads\\Training Assignment\\react\\session4\\src\\utils\\intern-request.ts","statementMap":{"0":{"start":{"line":9,"column":2},"end":{"line":12,"column":null}},"1":{"start":{"line":19,"column":18},"end":{"line":19,"column":null}},"2":{"start":{"line":21,"column":2},"end":{"line":21,"column":null}}},"fnMap":{"0":{"name":"prepareInternRequest","decl":{"start":{"line":8,"column":16},"end":{"line":8,"column":37}},"loc":{"start":{"line":8,"column":60},"end":{"line":13,"column":null}},"line":8},"1":{"name":"saveIntern","decl":{"start":{"line":15,"column":22},"end":{"line":15,"column":null}},"loc":{"start":{"line":18,"column":17},"end":{"line":22,"column":null}},"line":18}},"branchMap":{"0":{"loc":{"start":{"line":17,"column":2},"end":{"line":17,"column":null}},"type":"default-arg","locations":[{"start":{"line":17,"column":26},"end":{"line":17,"column":null}}],"line":17}},"s":{"0":1,"1":0,"2":0},"f":{"0":1,"1":0},"b":{"0":[0]},"meta":{"lastBranch":1,"lastFunction":2,"lastStatement":3,"seen":{"f:8:16:8:37":0,"s:9:2:12:Infinity":0,"f:15:22:15:Infinity":1,"b:17:26:17:Infinity":0,"s:19:18:19:Infinity":1,"s:21:2:21:Infinity":2},"fnNames":{}}}
,"C:\\Users\\monic\\Downloads\\Training Assignment\\react\\session4\\src\\utils\\intern-utils.ts": {"path":"C:\\Users\\monic\\Downloads\\Training Assignment\\react\\session4\\src\\utils\\intern-utils.ts","statementMap":{"0":{"start":{"line":15,"column":17},"end":{"line":15,"column":null}},"1":{"start":{"line":17,"column":17},"end":{"line":21,"column":null}},"2":{"start":{"line":19,"column":6},"end":{"line":20,"column":null}},"3":{"start":{"line":24,"column":2},"end":{"line":24,"column":null}},"4":{"start":{"line":26,"column":2},"end":{"line":26,"column":null}}},"fnMap":{"0":{"name":"filterInterns","decl":{"start":{"line":11,"column":16},"end":{"line":11,"column":null}},"loc":{"start":{"line":14,"column":12},"end":{"line":27,"column":null}},"line":14},"1":{"name":"(anonymous_1)","decl":{"start":{"line":17,"column":25},"end":{"line":17,"column":null}},"loc":{"start":{"line":19,"column":6},"end":{"line":20,"column":null}},"line":19}},"branchMap":{"0":{"loc":{"start":{"line":19,"column":6},"end":{"line":20,"column":null}},"type":"binary-expr","locations":[{"start":{"line":19,"column":6},"end":{"line":19,"column":null}},{"start":{"line":20,"column":6},"end":{"line":20,"column":null}}],"line":19}},"s":{"0":8,"1":8,"2":32,"3":8,"4":8},"f":{"0":8,"1":32},"b":{"0":[32,25]},"meta":{"lastBranch":1,"lastFunction":2,"lastStatement":5,"seen":{"f:11:16:11:Infinity":0,"s:15:17:15:Infinity":0,"s:17:17:21:Infinity":1,"f:17:25:17:Infinity":1,"s:19:6:20:Infinity":2,"b:19:6:19:Infinity:20:6:20:Infinity":0,"s:24:2:24:Infinity":3,"s:26:2:26:Infinity":4},"fnNames":{}}}
,"C:\\Users\\monic\\Downloads\\Training Assignment\\react\\session4\\src\\utils\\intern-validation.ts": {"path":"C:\\Users\\monic\\Downloads\\Training Assignment\\react\\session4\\src\\utils\\intern-validation.ts","statementMap":{"0":{"start":{"line":3,"column":18},"end":{"line":3,"column":null}},"1":{"start":{"line":4,"column":18},"end":{"line":4,"column":null}},"2":{"start":{"line":8,"column":2},"end":{"line":8,"column":null}},"3":{"start":{"line":9,"column":2},"end":{"line":9,"column":null}},"4":{"start":{"line":10,"column":2},"end":{"line":10,"column":null}},"5":{"start":{"line":13,"column":2},"end":{"line":15,"column":null}},"6":{"start":{"line":14,"column":4},"end":{"line":14,"column":null}},"7":{"start":{"line":17,"column":2},"end":{"line":19,"column":null}},"8":{"start":{"line":18,"column":4},"end":{"line":18,"column":null}},"9":{"start":{"line":22,"column":2},"end":{"line":22,"column":null}}},"fnMap":{"0":{"name":"validateInternForm","decl":{"start":{"line":6,"column":16},"end":{"line":6,"column":35}},"loc":{"start":{"line":6,"column":79},"end":{"line":23,"column":null}},"line":6}},"branchMap":{"0":{"loc":{"start":{"line":8,"column":9},"end":{"line":8,"column":46}},"type":"binary-expr","locations":[{"start":{"line":8,"column":9},"end":{"line":8,"column":26}},{"start":{"line":8,"column":26},"end":{"line":8,"column":46}}],"line":8},"1":{"loc":{"start":{"line":13,"column":2},"end":{"line":15,"column":null}},"type":"if","locations":[{"start":{"line":13,"column":2},"end":{"line":15,"column":null}},{"start":{},"end":{}}],"line":13},"2":{"loc":{"start":{"line":17,"column":2},"end":{"line":19,"column":null}},"type":"if","locations":[{"start":{"line":17,"column":2},"end":{"line":19,"column":null}},{"start":{},"end":{}}],"line":17},"3":{"loc":{"start":{"line":17,"column":6},"end":{"line":17,"column":69}},"type":"binary-expr","locations":[{"start":{"line":17,"column":6},"end":{"line":17,"column":29}},{"start":{"line":17,"column":29},"end":{"line":17,"column":50}},{"start":{"line":17,"column":50},"end":{"line":17,"column":69}}],"line":17}},"s":{"0":6,"1":6,"2":25,"3":25,"4":25,"5":25,"6":9,"7":14,"8":7,"9":7},"f":{"0":25},"b":{"0":[25,24],"1":[9,16],"2":[7,7],"3":[14,13,11]},"meta":{"lastBranch":4,"lastFunction":1,"lastStatement":10,"seen":{"s:3:18:3:Infinity":0,"s:4:18:4:Infinity":1,"f:6:16:6:35":0,"s:8:2:8:Infinity":2,"b:8:9:8:26:8:26:8:46":0,"s:9:2:9:Infinity":3,"s:10:2:10:Infinity":4,"b:13:2:15:Infinity:undefined:undefined:undefined:undefined":1,"s:13:2:15:Infinity":5,"s:14:4:14:Infinity":6,"b:17:2:19:Infinity:undefined:undefined:undefined:undefined":2,"s:17:2:19:Infinity":7,"b:17:6:17:29:17:29:17:50:17:50:17:69":3,"s:18:4:18:Infinity":8,"s:22:2:22:Infinity":9},"fnNames":{}}}
,"C:\\Users\\monic\\Downloads\\Training Assignment\\react\\session4\\src\\utils\\role-lookup.ts": {"path":"C:\\Users\\monic\\Downloads\\Training Assignment\\react\\session4\\src\\utils\\role-lookup.ts","statementMap":{"0":{"start":{"line":2,"column":44},"end":{"line":6,"column":null}},"1":{"start":{"line":11,"column":2},"end":{"line":11,"column":null}}},"fnMap":{"0":{"name":"getRoleLabel","decl":{"start":{"line":9,"column":16},"end":{"line":9,"column":29}},"loc":{"start":{"line":9,"column":51},"end":{"line":12,"column":null}},"line":9}},"branchMap":{"0":{"loc":{"start":{"line":11,"column":9},"end":{"line":11,"column":null}},"type":"binary-expr","locations":[{"start":{"line":11,"column":9},"end":{"line":11,"column":30}},{"start":{"line":11,"column":30},"end":{"line":11,"column":null}}],"line":11}},"s":{"0":1,"1":5},"f":{"0":5},"b":{"0":[5,3]},"meta":{"lastBranch":1,"lastFunction":1,"lastStatement":2,"seen":{"s:2:44:6:Infinity":0,"f:9:16:9:29":0,"s:11:2:11:Infinity":1,"b:11:9:11:30:11:30:11:Infinity":0},"fnNames":{}}}
}
