{"C:\\Users\\monic\\Downloads\\Training Assignment\\react\\session4\\src\\components\\AddInternForm.tsx": {"path":"C:\\Users\\monic\\Downloads\\Training Assignment\\react\\session4\\src\\components\\AddInternForm.tsx","statementMap":{"0":{"start":{"line":5,"column":62},"end":{"line":5,"column":76}},"1":{"start":{"line":6,"column":33},"end":{"line":6,"column":44}},"2":{"start":{"line":9,"column":4},"end":{"line":9,"column":null}},"3":{"start":{"line":9,"column":20},"end":{"line":9,"column":null}},"4":{"start":{"line":10,"column":4},"end":{"line":10,"column":null}},"5":{"start":{"line":11,"column":4},"end":{"line":11,"column":null}},"6":{"start":{"line":14,"column":2},"end":{"line":31,"column":null}}},"fnMap":{"0":{"name":"AddInternForm","decl":{"start":{"line":4,"column":9},"end":{"line":4,"column":25}},"loc":{"start":{"line":4,"column":25},"end":{"line":33,"column":null}},"line":4},"1":{"name":"handleSubmit","decl":{"start":{"line":8,"column":11},"end":{"line":8,"column":32}},"loc":{"start":{"line":8,"column":32},"end":{"line":12,"column":null}},"line":8}},"branchMap":{"0":{"loc":{"start":{"line":9,"column":4},"end":{"line":9,"column":null}},"type":"if","locations":[{"start":{"line":9,"column":4},"end":{"line":9,"column":null}},{"start":{},"end":{}}],"line":9},"1":{"loc":{"start":{"line":16,"column":7},"end":{"line":16,"column":null}},"type":"binary-expr","locations":[{"start":{"line":16,"column":7},"end":{"line":16,"column":16}},{"start":{"line":16,"column":16},"end":{"line":16,"column":null}}],"line":16}},"s":{"0":51,"1":51,"2":6,"3":4,"4":2,"5":2,"6":51},"f":{"0":51,"1":6},"b":{"0":[4,2],"1":[51,9]},"meta":{"lastBranch":2,"lastFunction":2,"lastStatement":7,"seen":{"f:4:9:4:25":0,"s:5:62:5:76":0,"s:6:33:6:44":1,"f:8:11:8:32":1,"b:9:4:9:Infinity:undefined:undefined:undefined:undefined":0,"s:9:4:9:Infinity":2,"s:9:20:9:Infinity":3,"s:10:4:10:Infinity":4,"s:11:4:11:Infinity":5,"s:14:2:31:Infinity":6,"b:16:7:16:16:16:16:16:Infinity":1},"fnNames":{}}}
,"C:\\Users\\monic\\Downloads\\Training Assignment\\react\\session4\\src\\components\\InternListWithCallback.tsx": {"path":"C:\\Users\\monic\\Downloads\\Training Assignment\\react\\session4\\src\\components\\InternListWithCallback.tsx","statementMap":{"0":{"start":{"line":13,"column":20},"end":{"line":13,"column":29}},"1":{"start":{"line":14,"column":2},"end":{"line":14,"column":null}},"2":{"start":{"line":16,"column":2},"end":{"line":24,"column":null}},"3":{"start":{"line":23,"column":29},"end":{"line":23,"column":43}},"4":{"start":{"line":29,"column":36},"end":{"line":29,"column":47}},"5":{"start":{"line":31,"column":23},"end":{"line":33,"column":null}},"6":{"start":{"line":32,"column":4},"end":{"line":32,"column":null}},"7":{"start":{"line":35,"column":2},"end":{"line":46,"column":null}},"8":{"start":{"line":38,"column":8},"end":{"line":44,"column":null}}},"fnMap":{"0":{"name":"InternRow","decl":{"start":{"line":12,"column":9},"end":{"line":12,"column":19}},"loc":{"start":{"line":12,"column":66},"end":{"line":26,"column":null}},"line":12},"1":{"name":"(anonymous_1)","decl":{"start":{"line":23,"column":14},"end":{"line":23,"column":29}},"loc":{"start":{"line":23,"column":29},"end":{"line":23,"column":43}},"line":23},"2":{"name":"InternListWithCallback","decl":{"start":{"line":28,"column":9},"end":{"line":28,"column":34}},"loc":{"start":{"line":28,"column":34},"end":{"line":48,"column":null}},"line":28},"3":{"name":"(anonymous_3)","decl":{"start":{"line":31,"column":23},"end":{"line":31,"column":36}},"loc":{"start":{"line":31,"column":57},"end":{"line":33,"column":5}},"line":31},"4":{"name":"(anonymous_4)","decl":{"start":{"line":37,"column":15},"end":{"line":37,"column":19}},"loc":{"start":{"line":38,"column":8},"end":{"line":44,"column":null}},"line":38}},"branchMap":{"0":{"loc":{"start":{"line":18,"column":18},"end":{"line":18,"column":null}},"type":"cond-expr","locations":[{"start":{"line":18,"column":38},"end":{"line":18,"column":47}},{"start":{"line":18,"column":47},"end":{"line":18,"column":null}}],"line":18},"1":{"loc":{"start":{"line":19,"column":18},"end":{"line":19,"column":null}},"type":"cond-expr","locations":[{"start":{"line":19,"column":38},"end":{"line":19,"column":47}},{"start":{"line":19,"column":47},"end":{"line":19,"column":null}}],"line":19}},"s":{"0":9,"1":9,"2":9,"3":1,"4":3,"5":3,"6":1,"7":3,"8":9},"f":{"0":9,"1":1,"2":3,"3":1,"4":9},"b":{"0":[9,0],"1":[9,0]},"meta":{"lastBranch":2,"lastFunction":5,"lastStatement":9,"seen":{"f:12:9:12:19":0,"s:13:20:13:29":0,"s:14:2:14:Infinity":1,"s:16:2:24:Infinity":2,"b:18:38:18:47:18:47:18:Infinity":0,"b:19:38:19:47:19:47:19:Infinity":1,"f:23:14:23:29":1,"s:23:29:23:43":3,"f:28:9:28:34":2,"s:29:36:29:47":4,"s:31:23:33:Infinity":5,"f:31:23:31:36":3,"s:32:4:32:Infinity":6,"s:35:2:46:Infinity":7,"f:37:15:37:19":4,"s:38:8:44:Infinity":8},"fnNames":{}}}
,"C:\\Users\\monic\\Downloads\\Training Assignment\\react\\session4\\src\\components\\InternRow.tsx": {"path":"C:\\Users\\monic\\Downloads\\Training Assignment\\react\\session4\\src\\components\\InternRow.tsx","statementMap":{"0":{"start":{"line":14,"column":2},"end":{"line":19,"column":null}},"1":{"start":{"line":18,"column":29},"end":{"line":18,"column":43}}},"fnMap":{"0":{"name":"InternRow","decl":{"start":{"line":8,"column":24},"end":{"line":8,"column":34}},"loc":{"start":{"line":13,"column":19},"end":{"line":21,"column":null}},"line":13},"1":{"name":"(anonymous_1)","decl":{"start":{"line":18,"column":14},"end":{"line":18,"column":29}},"loc":{"start":{"line":18,"column":29},"end":{"line":18,"column":43}},"line":18}},"branchMap":{},"s":{"0":3,"1":1},"f":{"0":3,"1":1},"b":{},"meta":{"lastBranch":0,"lastFunction":2,"lastStatement":2,"seen":{"f:8:24:8:34":0,"s:14:2:19:Infinity":0,"f:18:14:18:29":1,"s:18:29:18:43":1},"fnNames":{}}}
,"C:\\Users\\monic\\Downloads\\Training Assignment\\react\\session4\\src\\components\\Navbar.tsx": {"path":"C:\\Users\\monic\\Downloads\\Training Assignment\\react\\session4\\src\\components\\Navbar.tsx","statementMap":{"0":{"start":{"line":4,"column":33},"end":{"line":4,"column":42}},"1":{"start":{"line":6,"column":2},"end":{"line":18,"column":null}}},"fnMap":{"0":{"name":"Navbar","decl":{"start":{"line":3,"column":9},"end":{"line":3,"column":18}},"loc":{"start":{"line":3,"column":18},"end":{"line":20,"column":null}},"line":3}},"branchMap":{"0":{"loc":{"start":{"line":8,"column":18},"end":{"line":8,"column":null}},"type":"cond-expr","locations":[{"start":{"line":8,"column":38},"end":{"line":8,"column":50}},{"start":{"line":8,"column":50},"end":{"line":8,"column":null}}],"line":8},"1":{"loc":{"start":{"line":9,"column":18},"end":{"line":9,"column":null}},"type":"cond-expr","locations":[{"start":{"line":9,"column":38},"end":{"line":9,"column":50}},{"start":{"line":9,"column":50},"end":{"line":9,"column":null}}],"line":9},"2":{"loc":{"start":{"line":16,"column":19},"end":{"line":16,"column":56}},"type":"cond-expr","locations":[{"start":{"line":16,"column":39},"end":{"line":16,"column":48}},{"start":{"line":16,"column":48},"end":{"line":16,"column":56}}],"line":16}},"s":{"0":5,"1":5},"f":{"0":5},"b":{"0":[4,1],"1":[4,1],"2":[4,1]},"meta":{"lastBranch":3,"lastFunction":1,"lastStatement":2,"seen":{"f:3:9:3:18":0,"s:4:33:4:42":0,"s:6:2:18:Infinity":1,"b:8:38:8:50:8:50:8:Infinity":0,"b:9:38:9:50:9:50:9:Infinity":1,"b:16:39:16:48:16:48:16:56":2},"fnNames":{}}}
,"C:\\Users\\monic\\Downloads\\Training Assignment\\react\\session4\\src\\components\\ScoreStats.tsx": {"path":"C:\\Users\\monic\\Downloads\\Training Assignment\\react\\session4\\src\\components\\ScoreStats.tsx","statementMap":{"0":{"start":{"line":37,"column":22},"end":{"line":37,"column":33}},"1":{"start":{"line":39,"column":32},"end":{"line":39,"column":null}},"2":{"start":{"line":41,"column":2},"end":{"line":47,"column":null}},"3":{"start":{"line":42,"column":18},"end":{"line":44,"column":null}},"4":{"start":{"line":43,"column":6},"end":{"line":43,"column":null}},"5":{"start":{"line":46,"column":4},"end":{"line":46,"column":null}},"6":{"start":{"line":46,"column":17},"end":{"line":46,"column":null}},"7":{"start":{"line":49,"column":16},"end":{"line":63,"column":null}},"8":{"start":{"line":50,"column":4},"end":{"line":50,"column":null}},"9":{"start":{"line":52,"column":19},"end":{"line":52,"column":null}},"10":{"start":{"line":52,"column":36},"end":{"line":52,"column":43}},"11":{"start":{"line":54,"column":4},"end":{"line":62,"column":null}},"12":{"start":{"line":59,"column":47},"end":{"line":59,"column":54}},"13":{"start":{"line":61,"column":35},"end":{"line":61,"column":48}},"14":{"start":{"line":65,"column":2},"end":{"line":67,"column":null}},"15":{"start":{"line":66,"column":4},"end":{"line":66,"column":null}},"16":{"start":{"line":69,"column":2},"end":{"line":77,"column":null}}},"fnMap":{"0":{"name":"ScoreStats","decl":{"start":{"line":36,"column":9},"end":{"line":36,"column":22}},"loc":{"start":{"line":36,"column":22},"end":{"line":79,"column":null}},"line":36},"1":{"name":"(anonymous_1)","decl":{"start":{"line":41,"column":2},"end":{"line":41,"column":18}},"loc":{"start":{"line":41,"column":18},"end":{"line":47,"column":5}},"line":41},"2":{"name":"(anonymous_2)","decl":{"start":{"line":42,"column":18},"end":{"line":42,"column":35}},"loc":{"start":{"line":42,"column":35},"end":{"line":44,"column":7}},"line":42},"3":{"name":"(anonymous_3)","decl":{"start":{"line":46,"column":4},"end":{"line":46,"column":17}},"loc":{"start":{"line":46,"column":17},"end":{"line":46,"column":null}},"line":46},"4":{"name":"(anonymous_4)","decl":{"start":{"line":49,"column":16},"end":{"line":49,"column":30}},"loc":{"start":{"line":49,"column":30},"end":{"line":63,"column":5}},"line":49},"5":{"name":"(anonymous_5)","decl":{"start":{"line":52,"column":27},"end":{"line":52,"column":31}},"loc":{"start":{"line":52,"column":36},"end":{"line":52,"column":43}},"line":52},"6":{"name":"(anonymous_6)","decl":{"start":{"line":59,"column":30},"end":{"line":59,"column":38}},"loc":{"start":{"line":59,"column":47},"end":{"line":59,"column":54}},"line":59},"7":{"name":"(anonymous_7)","decl":{"start":{"line":61,"column":23},"end":{"line":61,"column":30}},"loc":{"start":{"line":61,"column":35},"end":{"line":61,"column":48}},"line":61}},"branchMap":{"0":{"loc":{"start":{"line":55,"column":15},"end":{"line":55,"column":null}},"type":"cond-expr","locations":[{"start":{"line":55,"column":35},"end":{"line":55,"column":57}},{"start":{"line":55,"column":57},"end":{"line":55,"column":null}}],"line":55},"1":{"loc":{"start":{"line":56,"column":14},"end":{"line":56,"column":null}},"type":"cond-expr","locations":[{"start":{"line":56,"column":34},"end":{"line":56,"column":56}},{"start":{"line":56,"column":56},"end":{"line":56,"column":null}}],"line":56},"2":{"loc":{"start":{"line":58,"column":8},"end":{"line":60,"column":null}},"type":"cond-expr","locations":[{"start":{"line":59,"column":12},"end":{"line":59,"column":null}},{"start":{"line":60,"column":12},"end":{"line":60,"column":null}}],"line":58},"3":{"loc":{"start":{"line":65,"column":2},"end":{"line":67,"column":null}},"type":"if","locations":[{"start":{"line":65,"column":2},"end":{"line":67,"column":null}},{"start":{},"end":{}}],"line":65}},"s":{"0":5,"1":5,"2":5,"3":3,"4":2,"5":3,"6":3,"7":5,"8":5,"9":5,"10":5,"11":5,"12":5,"13":5,"14":5,"15":3,"16":2},"f":{"0":5,"1":3,"2":2,"3":3,"4":5,"5":5,"6":5,"7":5},"b":{"0":[5,0],"1":[5,0],"2":[5,0],"3":[3,2]},"meta":{"lastBranch":4,"lastFunction":8,"lastStatement":17,"seen":{"f:36:9:36:22":0,"s:37:22:37:33":0,"s:39:32:39:Infinity":1,"s:41:2:47:Infinity":2,"f:41:2:41:18":1,"s:42:18:44:Infinity":3,"f:42:18:42:35":2,"s:43:6:43:Infinity":4,"s:46:4:46:Infinity":5,"f:46:4:46:17":3,"s:46:17:46:Infinity":6,"s:49:16:63:Infinity":7,"f:49:16:49:30":4,"s:50:4:50:Infinity":8,"s:52:19:52:Infinity":9,"f:52:27:52:31":5,"s:52:36:52:43":10,"s:54:4:62:Infinity":11,"b:55:35:55:57:55:57:55:Infinity":0,"b:56:34:56:56:56:56:56:Infinity":1,"b:59:12:59:Infinity:60:12:60:Infinity":2,"f:59:30:59:38":6,"s:59:47:59:54":12,"f:61:23:61:30":7,"s:61:35:61:48":13,"b:65:2:67:Infinity:undefined:undefined:undefined:undefined":3,"s:65:2:67:Infinity":14,"s:66:4:66:Infinity":15,"s:69:2:77:Infinity":16},"fnNames":{}}}
,"C:\\Users\\monic\\Downloads\\Training Assignment\\react\\session4\\src\\components\\ThemedCard.tsx": {"path":"C:\\Users\\monic\\Downloads\\Training Assignment\\react\\session4\\src\\components\\ThemedCard.tsx","statementMap":{"0":{"start":{"line":9,"column":20},"end":{"line":9,"column":29}},"1":{"start":{"line":11,"column":2},"end":{"line":25,"column":null}}},"fnMap":{"0":{"name":"ThemedCard","decl":{"start":{"line":8,"column":9},"end":{"line":8,"column":20}},"loc":{"start":{"line":8,"column":54},"end":{"line":27,"column":null}},"line":8}},"branchMap":{"0":{"loc":{"start":{"line":13,"column":20},"end":{"line":13,"column":null}},"type":"cond-expr","locations":[{"start":{"line":13,"column":40},"end":{"line":13,"column":52}},{"start":{"line":13,"column":52},"end":{"line":13,"column":null}}],"line":13},"1":{"loc":{"start":{"line":14,"column":20},"end":{"line":14,"column":null}},"type":"cond-expr","locations":[{"start":{"line":14,"column":40},"end":{"line":14,"column":52}},{"start":{"line":14,"column":52},"end":{"line":14,"column":null}}],"line":14},"2":{"loc":{"start":{"line":15,"column":33},"end":{"line":15,"column":null}},"type":"cond-expr","locations":[{"start":{"line":15,"column":53},"end":{"line":15,"column":62}},{"start":{"line":15,"column":62},"end":{"line":15,"column":null}}],"line":15},"3":{"loc":{"start":{"line":22,"column":25},"end":{"line":22,"column":55}},"type":"cond-expr","locations":[{"start":{"line":22,"column":39},"end":{"line":22,"column":49}},{"start":{"line":22,"column":49},"end":{"line":22,"column":55}}],"line":22},"4":{"loc":{"start":{"line":23,"column":9},"end":{"line":23,"column":null}},"type":"cond-expr","locations":[{"start":{"line":23,"column":23},"end":{"line":23,"column":32}},{"start":{"line":23,"column":32},"end":{"line":23,"column":null}}],"line":23}},"s":{"0":14,"1":14},"f":{"0":14},"b":{"0":[14,0],"1":[14,0],"2":[14,0],"3":[11,3],"4":[11,3]},"meta":{"lastBranch":5,"lastFunction":1,"lastStatement":2,"seen":{"f:8:9:8:20":0,"s:9:20:9:29":0,"s:11:2:25:Infinity":1,"b:13:40:13:52:13:52:13:Infinity":0,"b:14:40:14:52:14:52:14:Infinity":1,"b:15:53:15:62:15:62:15:Infinity":2,"b:22:39:22:49:22:49:22:55":3,"b:23:23:23:32:23:32:23:Infinity":4},"fnNames":{}}}
,"C:\\Users\\monic\\Downloads\\Training Assignment\\react\\session4\\src\\contexts\\theme-context.tsx": {"path":"C:\\Users\\monic\\Downloads\\Training Assignment\\react\\session4\\src\\contexts\\theme-context.tsx","statementMap":{"0":{"start":{"line":11,"column":21},"end":{"line":11,"column":null}},"1":{"start":{"line":14,"column":28},"end":{"line":14,"column":null}},"2":{"start":{"line":17,"column":4},"end":{"line":17,"column":null}},"3":{"start":{"line":17,"column":22},"end":{"line":17,"column":58}},"4":{"start":{"line":20,"column":2},"end":{"line":23,"column":null}},"5":{"start":{"line":28,"column":18},"end":{"line":28,"column":null}},"6":{"start":{"line":31,"column":2},"end":{"line":33,"column":null}},"7":{"start":{"line":32,"column":4},"end":{"line":32,"column":null}},"8":{"start":{"line":35,"column":2},"end":{"line":35,"column":null}}},"fnMap":{"0":{"name":"ThemeProvider","decl":{"start":{"line":13,"column":16},"end":{"line":13,"column":30}},"loc":{"start":{"line":13,"column":69},"end":{"line":25,"column":null}},"line":13},"1":{"name":"toggleTheme","decl":{"start":{"line":16,"column":11},"end":{"line":16,"column":31}},"loc":{"start":{"line":16,"column":31},"end":{"line":18,"column":null}},"line":16},"2":{"name":"(anonymous_2)","decl":{"start":{"line":17,"column":4},"end":{"line":17,"column":13}},"loc":{"start":{"line":17,"column":22},"end":{"line":17,"column":58}},"line":17},"3":{"name":"useTheme","decl":{"start":{"line":27,"column":16},"end":{"line":27,"column":45}},"loc":{"start":{"line":27,"column":45},"end":{"line":36,"column":null}},"line":27}},"branchMap":{"0":{"loc":{"start":{"line":17,"column":22},"end":{"line":17,"column":58}},"type":"cond-expr","locations":[{"start":{"line":17,"column":41},"end":{"line":17,"column":50}},{"start":{"line":17,"column":50},"end":{"line":17,"column":58}}],"line":17},"1":{"loc":{"start":{"line":31,"column":2},"end":{"line":33,"column":null}},"type":"if","locations":[{"start":{"line":31,"column":2},"end":{"line":33,"column":null}},{"start":{},"end":{}}],"line":31}},"s":{"0":8,"1":37,"2":1,"3":1,"4":37,"5":19,"6":19,"7":0,"8":19},"f":{"0":37,"1":1,"2":1,"3":19},"b":{"0":[1,0],"1":[0,19]},"meta":{"lastBranch":2,"lastFunction":4,"lastStatement":9,"seen":{"s:11:21:11:Infinity":0,"f:13:16:13:30":0,"s:14:28:14:Infinity":1,"f:16:11:16:31":1,"s:17:4:17:Infinity":2,"f:17:4:17:13":2,"s:17:22:17:58":3,"b:17:41:17:50:17:50:17:58":0,"s:20:2:23:Infinity":4,"f:27:16:27:45":3,"s:28:18:28:Infinity":5,"b:31:2:33:Infinity:undefined:undefined:undefined:undefined":1,"s:31:2:33:Infinity":6,"s:32:4:32:Infinity":7,"s:35:2:35:Infinity":8},"fnNames":{}}}
,"C:\\Users\\monic\\Downloads\\Training Assignment\\react\\session4\\src\\hooks\\useCounter.ts": {"path":"C:\\Users\\monic\\Downloads\\Training Assignment\\react\\session4\\src\\hooks\\useCounter.ts","statementMap":{"0":{"start":{"line":23,"column":28},"end":{"line":23,"column":null}},"1":{"start":{"line":26,"column":4},"end":{"line":26,"column":null}},"2":{"start":{"line":26,"column":21},"end":{"line":26,"column":47}},"3":{"start":{"line":30,"column":4},"end":{"line":30,"column":null}},"4":{"start":{"line":30,"column":21},"end":{"line":30,"column":47}},"5":{"start":{"line":34,"column":4},"end":{"line":34,"column":null}},"6":{"start":{"line":37,"column":2},"end":{"line":37,"column":null}}},"fnMap":{"0":{"name":"useCounter","decl":{"start":{"line":17,"column":9},"end":{"line":17,"column":20}},"loc":{"start":{"line":22,"column":45},"end":{"line":38,"column":null}},"line":22},"1":{"name":"increment","decl":{"start":{"line":25,"column":11},"end":{"line":25,"column":29}},"loc":{"start":{"line":25,"column":29},"end":{"line":27,"column":null}},"line":25},"2":{"name":"(anonymous_2)","decl":{"start":{"line":26,"column":4},"end":{"line":26,"column":13}},"loc":{"start":{"line":26,"column":21},"end":{"line":26,"column":47}},"line":26},"3":{"name":"decrement","decl":{"start":{"line":29,"column":11},"end":{"line":29,"column":29}},"loc":{"start":{"line":29,"column":29},"end":{"line":31,"column":null}},"line":29},"4":{"name":"(anonymous_4)","decl":{"start":{"line":30,"column":4},"end":{"line":30,"column":13}},"loc":{"start":{"line":30,"column":21},"end":{"line":30,"column":47}},"line":30},"5":{"name":"reset","decl":{"start":{"line":33,"column":11},"end":{"line":33,"column":25}},"loc":{"start":{"line":33,"column":25},"end":{"line":35,"column":null}},"line":33}},"branchMap":{"0":{"loc":{"start":{"line":17,"column":20},"end":{"line":22,"column":45}},"type":"default-arg","locations":[{"start":{"line":22,"column":23},"end":{"line":22,"column":45}}],"line":17},"1":{"loc":{"start":{"line":18,"column":2},"end":{"line":18,"column":null}},"type":"default-arg","locations":[{"start":{"line":18,"column":12},"end":{"line":18,"column":null}}],"line":18},"2":{"loc":{"start":{"line":19,"column":2},"end":{"line":19,"column":null}},"type":"default-arg","locations":[{"start":{"line":19,"column":8},"end":{"line":19,"column":null}}],"line":19},"3":{"loc":{"start":{"line":20,"column":2},"end":{"line":20,"column":null}},"type":"default-arg","locations":[{"start":{"line":20,"column":8},"end":{"line":20,"column":null}}],"line":20},"4":{"loc":{"start":{"line":21,"column":2},"end":{"line":21,"column":null}},"type":"default-arg","locations":[{"start":{"line":21,"column":9},"end":{"line":21,"column":null}}],"line":21}},"s":{"0":8,"1":3,"2":3,"3":1,"4":1,"5":1,"6":8},"f":{"0":8,"1":3,"2":3,"3":1,"4":1,"5":1},"b":{"0":[8],"1":[8],"2":[8],"3":[8],"4":[8]},"meta":{"lastBranch":5,"lastFunction":6,"lastStatement":7,"seen":{"f:17:9:17:20":0,"b:22:23:22:45":0,"b:18:12:18:Infinity":1,"b:19:8:19:Infinity":2,"b:20:8:20:Infinity":3,"b:21:9:21:Infinity":4,"s:23:28:23:Infinity":0,"f:25:11:25:29":1,"s:26:4:26:Infinity":1,"f:26:4:26:13":2,"s:26:21:26:47":2,"f:29:11:29:29":3,"s:30:4:30:Infinity":3,"f:30:4:30:13":4,"s:30:21:30:47":4,"f:33:11:33:25":5,"s:34:4:34:Infinity":5,"s:37:2:37:Infinity":6},"fnNames":{}}}
,"C:\\Users\\monic\\Downloads\\Training Assignment\\react\\session4\\src\\hooks\\useInternForm.ts": {"path":"C:\\Users\\monic\\Downloads\\Training Assignment\\react\\session4\\src\\hooks\\useInternForm.ts","statementMap":{"0":{"start":{"line":18,"column":37},"end":{"line":20,"column":null}},"1":{"start":{"line":23,"column":28},"end":{"line":23,"column":null}},"2":{"start":{"line":24,"column":28},"end":{"line":24,"column":null}},"3":{"start":{"line":29,"column":34},"end":{"line":29,"column":null}},"4":{"start":{"line":30,"column":4},"end":{"line":35,"column":null}},"5":{"start":{"line":30,"column":21},"end":{"line":35,"column":6}},"6":{"start":{"line":39,"column":4},"end":{"line":39,"column":null}},"7":{"start":{"line":40,"column":4},"end":{"line":40,"column":null}},"8":{"start":{"line":44,"column":4},"end":{"line":44,"column":null}},"9":{"start":{"line":44,"column":29},"end":{"line":44,"column":59}},"10":{"start":{"line":44,"column":59},"end":{"line":44,"column":72}},"11":{"start":{"line":45,"column":4},"end":{"line":45,"column":null}},"12":{"start":{"line":45,"column":46},"end":{"line":45,"column":79}},"13":{"start":{"line":45,"column":79},"end":{"line":45,"column":92}},"14":{"start":{"line":46,"column":4},"end":{"line":46,"column":null}},"15":{"start":{"line":47,"column":4},"end":{"line":47,"column":null}},"16":{"start":{"line":50,"column":2},"end":{"line":50,"column":null}}},"fnMap":{"0":{"name":"useInternForm","decl":{"start":{"line":22,"column":9},"end":{"line":22,"column":46}},"loc":{"start":{"line":22,"column":46},"end":{"line":51,"column":null}},"line":22},"1":{"name":"handleChange","decl":{"start":{"line":26,"column":11},"end":{"line":26,"column":null}},"loc":{"start":{"line":28,"column":10},"end":{"line":36,"column":null}},"line":28},"2":{"name":"(anonymous_2)","decl":{"start":{"line":30,"column":4},"end":{"line":30,"column":12}},"loc":{"start":{"line":30,"column":21},"end":{"line":35,"column":6}},"line":30},"3":{"name":"handleReset","decl":{"start":{"line":38,"column":11},"end":{"line":38,"column":31}},"loc":{"start":{"line":38,"column":31},"end":{"line":41,"column":null}},"line":38},"4":{"name":"isValid","decl":{"start":{"line":43,"column":11},"end":{"line":43,"column":30}},"loc":{"start":{"line":43,"column":30},"end":{"line":48,"column":null}},"line":43}},"branchMap":{"0":{"loc":{"start":{"line":32,"column":14},"end":{"line":34,"column":null}},"type":"cond-expr","locations":[{"start":{"line":33,"column":11},"end":{"line":33,"column":null}},{"start":{"line":34,"column":10},"end":{"line":34,"column":null}}],"line":32},"1":{"loc":{"start":{"line":34,"column":10},"end":{"line":34,"column":null}},"type":"cond-expr","locations":[{"start":{"line":34,"column":29},"end":{"line":34,"column":45}},{"start":{"line":34,"column":45},"end":{"line":34,"column":null}}],"line":34},"2":{"loc":{"start":{"line":44,"column":4},"end":{"line":44,"column":null}},"type":"if","locations":[{"start":{"line":44,"column":4},"end":{"line":44,"column":null}},{"start":{},"end":{}}],"line":44},"3":{"loc":{"start":{"line":45,"column":4},"end":{"line":45,"column":null}},"type":"if","locations":[{"start":{"line":45,"column":4},"end":{"line":45,"column":null}},{"start":{},"end":{}}],"line":45},"4":{"loc":{"start":{"line":45,"column":8},"end":{"line":45,"column":44}},"type":"binary-expr","locations":[{"start":{"line":45,"column":8},"end":{"line":45,"column":26}},{"start":{"line":45,"column":26},"end":{"line":45,"column":44}}],"line":45}},"s":{"0":3,"1":62,"2":62,"3":38,"4":38,"5":38,"6":4,"7":4,"8":9,"9":4,"10":4,"11":5,"12":1,"13":1,"14":4,"15":4,"16":62},"f":{"0":62,"1":38,"2":38,"3":4,"4":9},"b":{"0":[0,38],"1":[11,27],"2":[4,5],"3":[1,4],"4":[5,5]},"meta":{"lastBranch":5,"lastFunction":5,"lastStatement":17,"seen":{"s:18:37:20:Infinity":0,"f:22:9:22:46":0,"s:23:28:23:Infinity":1,"s:24:28:24:Infinity":2,"f:26:11:26:Infinity":1,"s:29:34:29:Infinity":3,"s:30:4:35:Infinity":4,"f:30:4:30:12":2,"s:30:21:35:6":5,"b:33:11:33:Infinity:34:10:34:Infinity":0,"b:34:29:34:45:34:45:34:Infinity":1,"f:38:11:38:31":3,"s:39:4:39:Infinity":6,"s:40:4:40:Infinity":7,"f:43:11:43:30":4,"b:44:4:44:Infinity:undefined:undefined:undefined:undefined":2,"s:44:4:44:Infinity":8,"s:44:29:44:59":9,"s:44:59:44:72":10,"b:45:4:45:Infinity:undefined:undefined:undefined:undefined":3,"s:45:4:45:Infinity":11,"b:45:8:45:26:45:26:45:44":4,"s:45:46:45:79":12,"s:45:79:45:92":13,"s:46:4:46:Infinity":14,"s:47:4:47:Infinity":15,"s:50:2:50:Infinity":16},"fnNames":{}}}
,"C:\\Users\\monic\\Downloads\\Training Assignment\\react\\session4\\src\\test\\test-utils.tsx": {"path":"C:\\Users\\monic\\Downloads\\Training Assignment\\react\\session4\\src\\test\\test-utils.tsx","statementMap":{"0":{"start":{"line":6,"column":2},"end":{"line":9,"column":null}},"1":{"start":{"line":14,"column":2},"end":{"line":14,"column":null}}},"fnMap":{"0":{"name":"AllProviders","decl":{"start":{"line":5,"column":9},"end":{"line":5,"column":22}},"loc":{"start":{"line":5,"column":61},"end":{"line":11,"column":null}},"line":5},"1":{"name":"customRender","decl":{"start":{"line":13,"column":9},"end":{"line":13,"column":22}},"loc":{"start":{"line":13,"column":71},"end":{"line":15,"column":null}},"line":13}},"branchMap":{},"s":{"0":35,"1":35},"f":{"0":35,"1":35},"b":{},"meta":{"lastBranch":0,"lastFunction":2,"lastStatement":2,"seen":{"f:5:9:5:22":0,"s:6:2:9:Infinity":0,"f:13:9:13:22":1,"s:14:2:14:Infinity":1},"fnNames":{}}}
}
